[Licensing::Module] Trying to connect to existing licensing client channel...
Built from '6000.2/staging' branch; Version is '6000.2.4f1 (17550c9bb584) revision 1529100'; Using compiler version '194234433'; Build Type 'Release'
[Licensing::IpcConnector] Successfully connected to: "LicenseClient-juane" at "2025-12-16T20:10:43.2561282Z"
OS: 'Windows 11  (10.0.26100) 64bit Professional' Language: 'es' Physical Memory: 32694 MB
BatchMode: 1, IsHumanControllingUs: 0, StartBugReporterOnCrash: 0, Is64bit: 1
Date: 2025-12-16T20:10:43Z

COMMAND LINE ARGUMENTS:
C:\Program Files\Unity\Hub\Editor\6000.2.4f1\Editor\Unity.exe
-adb2
-batchMode
-noUpm
-name
AssetImportWorker0
-projectPath
C:/Users/juane/Desktop/Scape_Room
-logFile
Logs/AssetImportWorker0.log
-srvPort
53386
-licensingIpc
LicenseClient-juane
-job-worker-count
7
-background-job-worker-count
8
-gc-helper-count
1
-name
AssetImport
Successfully changed project path to: C:/Users/juane/Desktop/Scape_Room
C:/Users/juane/Desktop/Scape_Room
[UnityMemory] Configuration Parameters - Can be set up in boot.config
    "memorysetup-allocator-temp-initial-block-size-main=262144"
    "memorysetup-allocator-temp-initial-block-size-worker=262144"
    "memorysetup-bucket-allocator-granularity=16"
    "memorysetup-bucket-allocator-bucket-count=8"
    "memorysetup-bucket-allocator-block-size=33554432"
    "memorysetup-bucket-allocator-block-count=8"
    "memorysetup-main-allocator-block-size=16777216"
    "memorysetup-thread-allocator-block-size=16777216"
    "memorysetup-gfx-main-allocator-block-size=16777216"
    "memorysetup-gfx-thread-allocator-block-size=16777216"
    "memorysetup-cache-allocator-block-size=4194304"
    "memorysetup-typetree-allocator-block-size=2097152"
    "memorysetup-profiler-bucket-allocator-granularity=16"
    "memorysetup-profiler-bucket-allocator-bucket-count=8"
    "memorysetup-profiler-bucket-allocator-block-size=33554432"
    "memorysetup-profiler-bucket-allocator-block-count=8"
    "memorysetup-profiler-allocator-block-size=16777216"
    "memorysetup-profiler-editor-allocator-block-size=1048576"
    "memorysetup-temp-allocator-size-main=16777216"
    "memorysetup-job-temp-allocator-block-size=2097152"
    "memorysetup-job-temp-allocator-block-size-background=1048576"
    "memorysetup-job-temp-allocator-reduction-small-platforms=262144"
    "memorysetup-temp-allocator-size-background-worker=32768"
    "memorysetup-temp-allocator-size-job-worker=262144"
    "memorysetup-temp-allocator-size-preload-manager=33554432"
    "memorysetup-temp-allocator-size-nav-mesh-worker=65536"
    "memorysetup-temp-allocator-size-audio-worker=65536"
    "memorysetup-temp-allocator-size-cloud-worker=32768"
    "memorysetup-temp-allocator-size-gi-baking-worker=262144"
    "memorysetup-temp-allocator-size-gi-baking-worker=262144"
    "memorysetup-temp-allocator-size-gi-baking-worker=262144"
    "memorysetup-temp-allocator-size-gi-baking-worker=262144"
    "memorysetup-temp-allocator-size-gi-baking-worker=262144"
    "memorysetup-temp-allocator-size-gfx=262144"
Player connection [2096]  Target information:

Player connection [2096]  * "[IP] 192.168.56.1 [Port] 0 [Flags] 2 [Guid] 1911919174 [EditorId] 1911919174 [Version] 1048832 [Id] WindowsEditor(7,Steban) [Debug] 1 [PackageName] WindowsEditor [ProjectName] Editor" 

Player connection [2096]  * "[IP] 192.168.1.73 [Port] 0 [Flags] 2 [Guid] 1911919174 [EditorId] 1911919174 [Version] 1048832 [Id] WindowsEditor(7,Steban) [Debug] 1 [PackageName] WindowsEditor [ProjectName] Editor" 

Player connection [2096] Host joined multi-casting on [225.0.0.222:54997]...
Player connection [2096] Host joined alternative multi-casting on [225.0.0.222:34997]...
JobSystem: Creating JobQueue using job-worker-count value 7
Input System module state changed to: Initialized.
[Physics::Module] Initialized fallback backend.
[Physics::Module] Id: 0xdecafbad
Library Redirect Path: Library/
[Licensing::Client] Code 10 while verifying Licensing Client signature (process Id: 16236, path: "C:/Program Files/Unity Hub/UnityLicensingClient_V1/Unity.Licensing.Client.exe")
[Licensing::Module] LicensingClient has failed validation; ignoring
[Licensing::Client] Handshaking with LicensingClient:
  Version:                 1.17.3+a4e98f1
  Session Id:              8adb86566dd14ed6bde1e2631790ae80
  Correlation Id:          83c1c06863341e89bb2878cd8c946772
  External correlation Id: 3370979187163731795
  Machine Id:              fySAlWNorpS81yXkV6kDQKRMN+4=
[Licensing::Module] Successfully connected to LicensingClient on channel: "LicenseClient-juane" (connect: 0.00s, validation: 0.00s, handshake: 0.12s)
[Licensing::IpcConnector] Successfully connected to: "LicenseClient-juane-notifications" at "2025-12-16T20:10:43.3751144Z"
[Licensing::Module] Licensing Background thread has ended after 0.12s
[Physics::Module] Selected backend.
[Physics::Module] Name: PhysX
[Physics::Module] Id: 0xf2b8ea05
[Physics::Module] SDK Version: 4.1.2
[Physics::Module] Integration Version: 1.0.0
[Physics::Module] Threading Mode: Multi-Threaded
Refreshing native plugins compatible for Editor in 111.02 ms, found 3 plugins.
Preloading 0 native plugins for Editor in 0.00 ms.
Initialize engine version: 6000.2.4f1 (17550c9bb584)
[Subsystems] Discovering subsystems at path C:/Program Files/Unity/Hub/Editor/6000.2.4f1/Editor/Data/Resources/UnitySubsystems
[Subsystems] Discovering subsystems at path C:/Users/juane/Desktop/Scape_Room/Assets
GfxDevice: creating device client; kGfxThreadingModeNonThreaded
d3d12: failed to query info queue interface (0x80004002).
Direct3D:
    Version:         Direct3D 12 [level 12.1]
    Renderer:        NVIDIA GeForce RTX 3060 (ID=0x2487)
    Vendor:          NVIDIA
    VRAM:            12110 MB
    App VRAM Budget: 11342 MB
    Driver:          32.0.15.6094
Initialize mono
Mono path[0] = 'C:/Program Files/Unity/Hub/Editor/6000.2.4f1/Editor/Data/Managed'
Mono path[1] = 'C:/Program Files/Unity/Hub/Editor/6000.2.4f1/Editor/Data/MonoBleedingEdge/lib/mono/unityjit-win32'
Mono config path = 'C:/Program Files/Unity/Hub/Editor/6000.2.4f1/Editor/Data/MonoBleedingEdge/etc'
Using monoOptions --debugger-agent=transport=dt_socket,embedding=1,server=y,suspend=n,address=127.0.0.1:56400
Begin MonoManager ReloadAssembly
Registering precompiled unity dll's ...
Register platform support module: C:/Program Files/Unity/Hub/Editor/6000.2.4f1/Editor/Data/PlaybackEngines/WindowsStandaloneSupport/UnityEditor.WindowsStandalone.Extensions.dll
Registered in 0.127376 seconds.
- Loaded All Assemblies, in 11.105 seconds
Native extension for WindowsStandalone target not found
Mono: successfully reloaded assembly
- Finished resetting the current domain, in  0.438 seconds
Domain Reload Profiling: 11538ms
	BeginReloadAssembly (9310ms)
		ExecutionOrderSort (0ms)
		DisableScriptedObjects (0ms)
		BackupInstance (0ms)
		ReleaseScriptingObjects (0ms)
		CreateAndSetChildDomain (1ms)
	RebuildCommonClasses (584ms)
	RebuildNativeTypeToScriptingClass (12ms)
	initialDomainReloadingComplete (182ms)
	LoadAllAssembliesAndSetupDomain (1012ms)
		LoadAssemblies (9313ms)
		RebuildTransferFunctionScriptingTraits (0ms)
		AnalyzeDomain (1003ms)
			TypeCache.Refresh (1001ms)
				TypeCache.ScanAssembly (682ms)
			BuildScriptInfoCaches (0ms)
			ResolveRequiredComponents (0ms)
	FinalizeReload (438ms)
		ReleaseScriptCaches (0ms)
		RebuildScriptCaches (0ms)
		SetupLoadedEditorAssemblies (387ms)
			LogAssemblyErrors (0ms)
			InitializePlatformSupportModulesInManaged (52ms)
			SetLoadedEditorAssemblies (4ms)
			BeforeProcessingInitializeOnLoad (95ms)
			ProcessInitializeOnLoadAttributes (165ms)
			ProcessInitializeOnLoadMethodAttributes (71ms)
			AfterProcessingInitializeOnLoad (0ms)
			EditorAssembliesLoaded (0ms)
		ExecutionOrderSort2 (0ms)
		AwakeInstancesAfterBackupRestoration (0ms)
========================================================================
Worker process is ready to serve import requests
Import Worker Mode flag is 0x00
Begin MonoManager ReloadAssembly
[Licensing::Client] Successfully resolved entitlement details
[Licensing::Module] License group:
  Id: 6872782475460-UnityPersXXXX
  Product: Unity Personal
  Type: Assigned
  Expiration: Unlimited
- Loaded All Assemblies, in  9.758 seconds
Refreshing native plugins compatible for Editor in 1.24 ms, found 3 plugins.
Native extension for WindowsStandalone target not found
Package Manager log level set to [2]
[Package Manager] Failed to launch server process. Reason: Unity was launched with the -noUpm command-line argument
[Package Manager] Unable to send message (not connected to server process).
[Package Manager] Cannot connect to Unity Package Manager local server
[MODES] ModeService[none].Initialize
[MODES] ModeService[none].LoadModes
[MODES] Loading mode Default (0) for mode-current-id-Scape Room
Mono: successfully reloaded assembly
- Finished resetting the current domain, in  0.874 seconds
Domain Reload Profiling: 10624ms
	BeginReloadAssembly (218ms)
		ExecutionOrderSort (0ms)
		DisableScriptedObjects (12ms)
		BackupInstance (0ms)
		ReleaseScriptingObjects (0ms)
		CreateAndSetChildDomain (40ms)
	RebuildCommonClasses (34ms)
	RebuildNativeTypeToScriptingClass (13ms)
	initialDomainReloadingComplete (44ms)
	LoadAllAssembliesAndSetupDomain (9441ms)
		LoadAssemblies (8989ms)
		RebuildTransferFunctionScriptingTraits (0ms)
		AnalyzeDomain (558ms)
			TypeCache.Refresh (486ms)
				TypeCache.ScanAssembly (471ms)
			BuildScriptInfoCaches (56ms)
			ResolveRequiredComponents (12ms)
	FinalizeReload (875ms)
		ReleaseScriptCaches (0ms)
		RebuildScriptCaches (0ms)
		SetupLoadedEditorAssemblies (685ms)
			LogAssemblyErrors (0ms)
			InitializePlatformSupportModulesInManaged (2ms)
			SetLoadedEditorAssemblies (5ms)
			BeforeProcessingInitializeOnLoad (160ms)
			ProcessInitializeOnLoadAttributes (407ms)
			ProcessInitializeOnLoadMethodAttributes (102ms)
			AfterProcessingInitializeOnLoad (8ms)
			EditorAssembliesLoaded (0ms)
		ExecutionOrderSort2 (0ms)
		AwakeInstancesAfterBackupRestoration (9ms)
Launched and connected shader compiler UnityShaderCompiler.exe after 0.02 seconds
Refreshing native plugins compatible for Editor in 1.43 ms, found 3 plugins.
Preloading 0 native plugins for Editor in 0.00 ms.
Unloading 14 Unused Serialized files (Serialized files now loaded: 0)
Unloading 6553 unused Assets / (4.4 MB). Loaded Objects now: 7285.
Memory consumption went from 143.5 MB to 139.1 MB.
Total: 9.324200 ms (FindLiveObjects: 0.699300 ms CreateObjectMapping: 0.353100 ms MarkObjects: 5.443900 ms  DeleteObjects: 2.826800 ms)

========================================================================
Received Import Request.
  Time since last request: 749.146885 seconds.
  path: Assets/lettering-coming-soon-on-warning-260nw-2492743709-removebg-preview.png
  artifactKey: Guid(5f80a02c3557921f0be0254c339c09b3) Importer(815301076,1909f56bfc062723c751e8b465ee728b)
Start importing Assets/lettering-coming-soon-on-warning-260nw-2492743709-removebg-preview.png using Guid(5f80a02c3557921f0be0254c339c09b3) Importer(815301076,1909f56bfc062723c751e8b465ee728b) (PreviewImporter) -> (artifact id: '271ff5db206c189726798b06974e94aa') in 0.1503636 seconds
Number of updated asset objects reloaded before import = 0Number of asset objects unloaded after import = 2

========================================================================
Received Import Request.
  Time since last request: 0.000018 seconds.
  path: Assets/InputSystem_Actions.inputactions
  artifactKey: Guid(052faaac586de48259a63d0c4782560b) Importer(815301076,1909f56bfc062723c751e8b465ee728b)
Start importing Assets/InputSystem_Actions.inputactions using Guid(052faaac586de48259a63d0c4782560b) Importer(815301076,1909f56bfc062723c751e8b465ee728b) (PreviewImporter) -> (artifact id: '7dc86266732579bb53e0e2185817a08e') in 0.0082058 seconds
Number of updated asset objects reloaded before import = 0Number of asset objects unloaded after import = 20

========================================================================
Received Prepare
Begin MonoManager ReloadAssembly
[Licensing::Client] Successfully resolved entitlement details
- Loaded All Assemblies, in  0.731 seconds
Refreshing native plugins compatible for Editor in 0.98 ms, found 3 plugins.
Native extension for WindowsStandalone target not found
[Package Manager] Failed to launch server process. Reason: Unity was launched with the -noUpm command-line argument
[Package Manager] Unable to send message (not connected to server process).
[Package Manager] Cannot connect to Unity Package Manager local server
[MODES] ModeService[none].Initialize
[MODES] ModeService[none].LoadModes
Mono: successfully reloaded assembly
- Finished resetting the current domain, in  0.775 seconds
Domain Reload Profiling: 1506ms
	BeginReloadAssembly (230ms)
		ExecutionOrderSort (0ms)
		DisableScriptedObjects (11ms)
		BackupInstance (0ms)
		ReleaseScriptingObjects (0ms)
		CreateAndSetChildDomain (61ms)
	RebuildCommonClasses (31ms)
	RebuildNativeTypeToScriptingClass (10ms)
	initialDomainReloadingComplete (26ms)
	LoadAllAssembliesAndSetupDomain (434ms)
		LoadAssemblies (350ms)
		RebuildTransferFunctionScriptingTraits (0ms)
		AnalyzeDomain (168ms)
			TypeCache.Refresh (6ms)
				TypeCache.ScanAssembly (0ms)
			BuildScriptInfoCaches (148ms)
			ResolveRequiredComponents (10ms)
	FinalizeReload (775ms)
		ReleaseScriptCaches (0ms)
		RebuildScriptCaches (0ms)
		SetupLoadedEditorAssemblies (624ms)
			LogAssemblyErrors (0ms)
			InitializePlatformSupportModulesInManaged (2ms)
			SetLoadedEditorAssemblies (5ms)
			BeforeProcessingInitializeOnLoad (138ms)
			ProcessInitializeOnLoadAttributes (380ms)
			ProcessInitializeOnLoadMethodAttributes (91ms)
			AfterProcessingInitializeOnLoad (7ms)
			EditorAssembliesLoaded (0ms)
		ExecutionOrderSort2 (0ms)
		AwakeInstancesAfterBackupRestoration (16ms)
Refreshing native plugins compatible for Editor in 1.70 ms, found 3 plugins.
Preloading 0 native plugins for Editor in 0.00 ms.
Unloading 14 Unused Serialized files (Serialized files now loaded: 0)
Unloading 6549 unused Assets / (4.9 MB). Loaded Objects now: 7306.
Memory consumption went from 151.4 MB to 146.5 MB.
Total: 11.812400 ms (FindLiveObjects: 1.185200 ms CreateObjectMapping: 0.774800 ms MarkObjects: 6.391800 ms  DeleteObjects: 3.459400 ms)

Prepare: number of updated asset objects reloaded= 0
========================================================================
Received Import Request.
  Time since last request: 180.573150 seconds.
  path: Assets/Scene
  artifactKey: Guid(a84481af0b2826640a862880f9550967) Importer(815301076,1909f56bfc062723c751e8b465ee728b)
Start importing Assets/Scene using Guid(a84481af0b2826640a862880f9550967) Importer(815301076,1909f56bfc062723c751e8b465ee728b) (PreviewImporter) -> (artifact id: 'ad4a45a272256e367845d3b5c5f3d1b3') in 0.0021916 seconds
Number of updated asset objects reloaded before import = 0Number of asset objects unloaded after import = 0

========================================================================
Received Import Request.
  Time since last request: 2.547592 seconds.
  path: Assets/Scenes
  artifactKey: Guid(9c53962885c2c4f449125a979d6ad240) Importer(815301076,1909f56bfc062723c751e8b465ee728b)
Start importing Assets/Scenes using Guid(9c53962885c2c4f449125a979d6ad240) Importer(815301076,1909f56bfc062723c751e8b465ee728b) (PreviewImporter) -> (artifact id: 'ae1af5c61b2fd4bcacfc65f55f013a75') in 0.0005553 seconds
Number of updated asset objects reloaded before import = 0Number of asset objects unloaded after import = 0

========================================================================
Received Import Request.
  Time since last request: 0.059522 seconds.
  path: Assets/Scenes/Pantalla_carga.prefab
  artifactKey: Guid(4f4321784a93509ac8a8ca5b3437d61c) Importer(815301076,1909f56bfc062723c751e8b465ee728b)
Start importing Assets/Scenes/Pantalla_carga.prefab using Guid(4f4321784a93509ac8a8ca5b3437d61c) Importer(815301076,1909f56bfc062723c751e8b465ee728b) (PreviewImporter) -> (artifact id: '4d9b5219a4f7544e395ca5172306f1ba') in 0.0457115 seconds
Number of updated asset objects reloaded before import = 0Number of asset objects unloaded after import = 42

========================================================================
Received Import Request.
  Time since last request: 1.816244 seconds.
  path: Assets/Scenes/Menu_principal.unity
  artifactKey: Guid(f7845d4bd094da393912254de02e1004) Importer(815301076,1909f56bfc062723c751e8b465ee728b)
Start importing Assets/Scenes/Menu_principal.unity using Guid(f7845d4bd094da393912254de02e1004) Importer(815301076,1909f56bfc062723c751e8b465ee728b) (PreviewImporter) -> (artifact id: '87161148e4f376f9267d316de02b3da3') in 0.0007734 seconds
Number of updated asset objects reloaded before import = 0Number of asset objects unloaded after import = 0

========================================================================
Received Prepare
Begin MonoManager ReloadAssembly
- Loaded All Assemblies, in  0.712 seconds
Refreshing native plugins compatible for Editor in 1.10 ms, found 3 plugins.
Native extension for WindowsStandalone target not found
[Package Manager] Failed to launch server process. Reason: Unity was launched with the -noUpm command-line argument
[Package Manager] Unable to send message (not connected to server process).
[Package Manager] Cannot connect to Unity Package Manager local server
[MODES] ModeService[none].Initialize
[MODES] ModeService[none].LoadModes
Mono: successfully reloaded assembly
- Finished resetting the current domain, in  0.725 seconds
Domain Reload Profiling: 1436ms
	BeginReloadAssembly (213ms)
		ExecutionOrderSort (0ms)
		DisableScriptedObjects (6ms)
		BackupInstance (0ms)
		ReleaseScriptingObjects (0ms)
		CreateAndSetChildDomain (54ms)
	RebuildCommonClasses (32ms)
	RebuildNativeTypeToScriptingClass (12ms)
	initialDomainReloadingComplete (28ms)
	LoadAllAssembliesAndSetupDomain (426ms)
		LoadAssemblies (344ms)
		RebuildTransferFunctionScriptingTraits (0ms)
		AnalyzeDomain (171ms)
			TypeCache.Refresh (6ms)
				TypeCache.ScanAssembly (0ms)
			BuildScriptInfoCaches (147ms)
			ResolveRequiredComponents (12ms)
	FinalizeReload (725ms)
		ReleaseScriptCaches (0ms)
		RebuildScriptCaches (0ms)
		SetupLoadedEditorAssemblies (582ms)
			LogAssemblyErrors (0ms)
			InitializePlatformSupportModulesInManaged (1ms)
			SetLoadedEditorAssemblies (3ms)
			BeforeProcessingInitializeOnLoad (136ms)
			ProcessInitializeOnLoadAttributes (343ms)
			ProcessInitializeOnLoadMethodAttributes (90ms)
			AfterProcessingInitializeOnLoad (7ms)
			EditorAssembliesLoaded (0ms)
		ExecutionOrderSort2 (0ms)
		AwakeInstancesAfterBackupRestoration (17ms)
Refreshing native plugins compatible for Editor in 1.42 ms, found 3 plugins.
Preloading 0 native plugins for Editor in 0.00 ms.
Unloading 14 Unused Serialized files (Serialized files now loaded: 0)
Unloading 6552 unused Assets / (4.6 MB). Loaded Objects now: 7309.
Memory consumption went from 151.4 MB to 146.7 MB.
Total: 11.832600 ms (FindLiveObjects: 0.985100 ms CreateObjectMapping: 0.914700 ms MarkObjects: 6.614700 ms  DeleteObjects: 3.317300 ms)

Prepare: number of updated asset objects reloaded= 0
========================================================================
Received Import Request.
  Time since last request: 1632.830001 seconds.
  path: Assets/Scenes/Habitación.unity
  artifactKey: Guid(6d3a4c85ba6c2b78fa8c569e0ca929bd) Importer(815301076,1909f56bfc062723c751e8b465ee728b)
Start importing Assets/Scenes/Habitación.unity using Guid(6d3a4c85ba6c2b78fa8c569e0ca929bd) Importer(815301076,1909f56bfc062723c751e8b465ee728b) (PreviewImporter) -> (artifact id: '9343d6309df0e23fd8fb68f9c38b796d') in 0.0019707 seconds
Number of updated asset objects reloaded before import = 0Number of asset objects unloaded after import = 0

========================================================================
Received Import Request.
  Time since last request: 45.691910 seconds.
  path: Assets/Materials/Rust/Box_Rust.mat
  artifactKey: Guid(77207d1f05e4d3842994cd037b9543a8) Importer(815301076,1909f56bfc062723c751e8b465ee728b)
Start importing Assets/Materials/Rust/Box_Rust.mat using Guid(77207d1f05e4d3842994cd037b9543a8) Importer(815301076,1909f56bfc062723c751e8b465ee728b) (PreviewImporter) -> (artifact id: '0e289558fc9d2aad4c2bda04e1877825') in 4.4717058 seconds
Number of updated asset objects reloaded before import = 0Number of asset objects unloaded after import = 4

========================================================================
Received Import Request.
  Time since last request: 0.000035 seconds.
  path: Assets/Materials/Rust/Volt_Rust.mat
  artifactKey: Guid(18c6344620b6c414bb94e2b43bf6666c) Importer(815301076,1909f56bfc062723c751e8b465ee728b)
Start importing Assets/Materials/Rust/Volt_Rust.mat using Guid(18c6344620b6c414bb94e2b43bf6666c) Importer(815301076,1909f56bfc062723c751e8b465ee728b) (PreviewImporter) -> (artifact id: 'f3ba0406ef0e2ec9d3b3d6dafb205874') in 0.0314142 seconds
Number of updated asset objects reloaded before import = 0Number of asset objects unloaded after import = 4

========================================================================
Received Import Request.
  Time since last request: 0.000037 seconds.
  path: Assets/Prefabs/Shield Metall rust.prefab
  artifactKey: Guid(9750c63329957504e950add108593ae0) Importer(815301076,1909f56bfc062723c751e8b465ee728b)
Start importing Assets/Prefabs/Shield Metall rust.prefab using Guid(9750c63329957504e950add108593ae0) Importer(815301076,1909f56bfc062723c751e8b465ee728b) (PreviewImporter) -> (artifact id: 'c9f716399e5c9b8ed97f95f3d4d8ef8a') in 5.475315 seconds
Number of updated asset objects reloaded before import = 0Number of asset objects unloaded after import = 478

========================================================================
Received Import Request.
  Time since last request: 575.603906 seconds.
  path: Assets/Materials/Box.mat
  artifactKey: Guid(c0350b03b36ef764a92bd00951dcd850) Importer(815301076,1909f56bfc062723c751e8b465ee728b)
Start importing Assets/Materials/Box.mat using Guid(c0350b03b36ef764a92bd00951dcd850) Importer(815301076,1909f56bfc062723c751e8b465ee728b) (PreviewImporter) -> (artifact id: 'a292374f2d25248e280372a6987c4c52') in 2.9641258 seconds
Number of updated asset objects reloaded before import = 0Number of asset objects unloaded after import = 3

========================================================================
Received Import Request.
  Time since last request: 0.000081 seconds.
  path: Assets/Materials/Lock.mat
  artifactKey: Guid(6e19d2fbfad4867418a532c54b8c18be) Importer(815301076,1909f56bfc062723c751e8b465ee728b)
Start importing Assets/Materials/Lock.mat using Guid(6e19d2fbfad4867418a532c54b8c18be) Importer(815301076,1909f56bfc062723c751e8b465ee728b) (PreviewImporter) -> (artifact id: '7041fe2411847724052efc84cfbc5274') in 0.0328366 seconds
Number of updated asset objects reloaded before import = 0Number of asset objects unloaded after import = 3

========================================================================
Received Import Request.
  Time since last request: 0.000069 seconds.
  path: Assets/Materials/Lamp1off.mat
  artifactKey: Guid(66fd3d08bd7750648b6edc262480b509) Importer(815301076,1909f56bfc062723c751e8b465ee728b)
Start importing Assets/Materials/Lamp1off.mat using Guid(66fd3d08bd7750648b6edc262480b509) Importer(815301076,1909f56bfc062723c751e8b465ee728b) (PreviewImporter) -> (artifact id: '63c312abb59397a01854856a59b3a366') in 0.0262726 seconds
Number of updated asset objects reloaded before import = 0Number of asset objects unloaded after import = 1

========================================================================
Received Import Request.
  Time since last request: 0.000050 seconds.
  path: Assets/Materials/va plate.mat
  artifactKey: Guid(6a92019ac9c45e048b7f67e5b140b26c) Importer(815301076,1909f56bfc062723c751e8b465ee728b)
Start importing Assets/Materials/va plate.mat using Guid(6a92019ac9c45e048b7f67e5b140b26c) Importer(815301076,1909f56bfc062723c751e8b465ee728b) (PreviewImporter) -> (artifact id: '91ba29f80eb4cb4f41ce3c4b36263aab') in 0.0365367 seconds
Number of updated asset objects reloaded before import = 0Number of asset objects unloaded after import = 2

========================================================================
Received Import Request.
  Time since last request: 0.000028 seconds.
  path: Assets/Materials/lettering-coming-soon-on-warning-260nw-2492743709-removebg-preview.mat
  artifactKey: Guid(83314eb55d1b850b9b6951229915326b) Importer(815301076,1909f56bfc062723c751e8b465ee728b)
Start importing Assets/Materials/lettering-coming-soon-on-warning-260nw-2492743709-removebg-preview.mat using Guid(83314eb55d1b850b9b6951229915326b) Importer(815301076,1909f56bfc062723c751e8b465ee728b) (PreviewImporter) -> (artifact id: '2060a2cc55aa81f84e59f546da11068c') in 0.0242757 seconds
Number of updated asset objects reloaded before import = 0Number of asset objects unloaded after import = 2

========================================================================
Received Import Request.
  Time since last request: 0.000029 seconds.
  path: Assets/Materials/Plate.mat
  artifactKey: Guid(22c3bcc64acaeb7419505b95b479be0e) Importer(815301076,1909f56bfc062723c751e8b465ee728b)
Start importing Assets/Materials/Plate.mat using Guid(22c3bcc64acaeb7419505b95b479be0e) Importer(815301076,1909f56bfc062723c751e8b465ee728b) (PreviewImporter) -> (artifact id: 'dbcd86eafc8e2dbbdfe3a4331aedc61c') in 0.0252528 seconds
Number of updated asset objects reloaded before import = 0Number of asset objects unloaded after import = 2

========================================================================
Received Import Request.
  Time since last request: 0.000050 seconds.
  path: Assets/Materials/Plate2.mat
  artifactKey: Guid(aa97ffb90bf777144b7eeca6f05926b7) Importer(815301076,1909f56bfc062723c751e8b465ee728b)
Start importing Assets/Materials/Plate2.mat using Guid(aa97ffb90bf777144b7eeca6f05926b7) Importer(815301076,1909f56bfc062723c751e8b465ee728b) (PreviewImporter) -> (artifact id: '83621b8714b202011d54cb7f54ba4a01') in 0.0281192 seconds
Number of updated asset objects reloaded before import = 0Number of asset objects unloaded after import = 2

========================================================================
Received Import Request.
  Time since last request: 0.000027 seconds.
  path: Assets/Materials/MainKnob.mat
  artifactKey: Guid(05bc6bdcff0a2a9488b9ed2da3d45648) Importer(815301076,1909f56bfc062723c751e8b465ee728b)
Start importing Assets/Materials/MainKnob.mat using Guid(05bc6bdcff0a2a9488b9ed2da3d45648) Importer(815301076,1909f56bfc062723c751e8b465ee728b) (PreviewImporter) -> (artifact id: '744c8b0e081f31a5955882e3857071cc') in 0.0340731 seconds
Number of updated asset objects reloaded before import = 0Number of asset objects unloaded after import = 4

========================================================================
Received Import Request.
  Time since last request: 7.728471 seconds.
  path: Assets/Mateiales/Door1.mat
  artifactKey: Guid(d2ebc9f9b0845531793e725ad84fa04f) Importer(815301076,1909f56bfc062723c751e8b465ee728b)
Start importing Assets/Mateiales/Door1.mat using Guid(d2ebc9f9b0845531793e725ad84fa04f) Importer(815301076,1909f56bfc062723c751e8b465ee728b) (PreviewImporter) -> (artifact id: '3535bc4291a4b913c70a4e8a4e4a9c64') in 0.0295018 seconds
Number of updated asset objects reloaded before import = 0Number of asset objects unloaded after import = 2

========================================================================
Received Import Request.
  Time since last request: 0.000067 seconds.
  path: Assets/Mateiales/Outdoor_Wall_T14_Roughness.png
  artifactKey: Guid(54c1ef184298797f9a7790107ba4a8a4) Importer(815301076,1909f56bfc062723c751e8b465ee728b)
Start importing Assets/Mateiales/Outdoor_Wall_T14_Roughness.png using Guid(54c1ef184298797f9a7790107ba4a8a4) Importer(815301076,1909f56bfc062723c751e8b465ee728b) (PreviewImporter) -> (artifact id: '93226102f4cabc508fdfc066826a24da') in 0.0388924 seconds
Number of updated asset objects reloaded before import = 0Number of asset objects unloaded after import = 2

========================================================================
Received Import Request.
  Time since last request: 0.000020 seconds.
  path: Assets/Mateiales/papel.mat
  artifactKey: Guid(482e8a5139f8ffcc08096c67e1066ece) Importer(815301076,1909f56bfc062723c751e8b465ee728b)
Start importing Assets/Mateiales/papel.mat using Guid(482e8a5139f8ffcc08096c67e1066ece) Importer(815301076,1909f56bfc062723c751e8b465ee728b) (PreviewImporter) -> (artifact id: 'a42f4e5e02e3d2e16c0b91601f03525f') in 0.034417 seconds
Number of updated asset objects reloaded before import = 0Number of asset objects unloaded after import = 1

========================================================================
Received Import Request.
  Time since last request: 0.000056 seconds.
  path: Assets/Mateiales/Marco_puerta_2.mat
  artifactKey: Guid(645e7b00832d9e9bda68322d285dbc5d) Importer(815301076,1909f56bfc062723c751e8b465ee728b)
Start importing Assets/Mateiales/Marco_puerta_2.mat using Guid(645e7b00832d9e9bda68322d285dbc5d) Importer(815301076,1909f56bfc062723c751e8b465ee728b) (PreviewImporter) -> (artifact id: '8b940e67bc626d0f581e5ab3988849d1') in 0.0242663 seconds
Number of updated asset objects reloaded before import = 0Number of asset objects unloaded after import = 2

========================================================================
Received Import Request.
  Time since last request: 0.000044 seconds.
  path: Assets/Mateiales/Relleno_1.mat
  artifactKey: Guid(086f15944dd96d507b2aa714b1e279aa) Importer(815301076,1909f56bfc062723c751e8b465ee728b)
Start importing Assets/Mateiales/Relleno_1.mat using Guid(086f15944dd96d507b2aa714b1e279aa) Importer(815301076,1909f56bfc062723c751e8b465ee728b) (PreviewImporter) -> (artifact id: '10d645ebe7e32277c48c3dbf438bc02c') in 0.0276066 seconds
Number of updated asset objects reloaded before import = 0Number of asset objects unloaded after import = 2

========================================================================
Received Import Request.
  Time since last request: 0.000031 seconds.
  path: Assets/Mateiales/Pared_sotano.mat
  artifactKey: Guid(f43dfbcf039fadc5c94a159bb2604a3c) Importer(815301076,1909f56bfc062723c751e8b465ee728b)
Start importing Assets/Mateiales/Pared_sotano.mat using Guid(f43dfbcf039fadc5c94a159bb2604a3c) Importer(815301076,1909f56bfc062723c751e8b465ee728b) (PreviewImporter) -> (artifact id: 'fc69fe474cca456cc76b787662bb7ee2') in 0.0252661 seconds
Number of updated asset objects reloaded before import = 0Number of asset objects unloaded after import = 2

========================================================================
Received Import Request.
  Time since last request: 26.758752 seconds.
  path: Assets/Hand Painted Seamless Wood Texture/Materials/M_Wood2.mat
  artifactKey: Guid(3e3fe7d08624f594bb8e96487091bd1a) Importer(815301076,1909f56bfc062723c751e8b465ee728b)
Start importing Assets/Hand Painted Seamless Wood Texture/Materials/M_Wood2.mat using Guid(3e3fe7d08624f594bb8e96487091bd1a) Importer(815301076,1909f56bfc062723c751e8b465ee728b) (PreviewImporter) -> (artifact id: '2999fef031d484d59846303c88f917e5') in 1.9026404 seconds
Number of updated asset objects reloaded before import = 0Number of asset objects unloaded after import = 3

========================================================================
Received Import Request.
  Time since last request: 11.779564 seconds.
  path: Assets/BK_AlchemistHouse/Textures/Surfaces/Blackboard01b.png
  artifactKey: Guid(4b12db125f0189345a0bd922a203337a) Importer(815301076,1909f56bfc062723c751e8b465ee728b)
Start importing Assets/BK_AlchemistHouse/Textures/Surfaces/Blackboard01b.png using Guid(4b12db125f0189345a0bd922a203337a) Importer(815301076,1909f56bfc062723c751e8b465ee728b) (PreviewImporter) -> (artifact id: '1f252858537a60938b7cbd24cda52ab2') in 0.0172934 seconds
Number of updated asset objects reloaded before import = 0Number of asset objects unloaded after import = 2

========================================================================
Received Import Request.
  Time since last request: 0.000031 seconds.
  path: Assets/BK_AlchemistHouse/Textures/Surfaces/BlackboardWorldmap.png
  artifactKey: Guid(6bab8dfbe4c0c9049a034023c0a5957f) Importer(815301076,1909f56bfc062723c751e8b465ee728b)
Start importing Assets/BK_AlchemistHouse/Textures/Surfaces/BlackboardWorldmap.png using Guid(6bab8dfbe4c0c9049a034023c0a5957f) Importer(815301076,1909f56bfc062723c751e8b465ee728b) (PreviewImporter) -> (artifact id: '37ac097821404439d16dc3da94c2a22b') in 0.0252063 seconds
Number of updated asset objects reloaded before import = 0Number of asset objects unloaded after import = 2

========================================================================
Received Import Request.
  Time since last request: 0.000028 seconds.
  path: Assets/BK_AlchemistHouse/Textures/Surfaces/StoneFloor01.png
  artifactKey: Guid(65f4597d13ca2b64eb9af91341a76345) Importer(815301076,1909f56bfc062723c751e8b465ee728b)
Start importing Assets/BK_AlchemistHouse/Textures/Surfaces/StoneFloor01.png using Guid(65f4597d13ca2b64eb9af91341a76345) Importer(815301076,1909f56bfc062723c751e8b465ee728b) (PreviewImporter) -> (artifact id: 'b887a47acd8d50db4e37de3bfcbdc89d') in 0.030099 seconds
Number of updated asset objects reloaded before import = 0Number of asset objects unloaded after import = 2

========================================================================
Received Import Request.
  Time since last request: 0.000032 seconds.
  path: Assets/BK_AlchemistHouse/Textures/Surfaces/WoodOrn01.png
  artifactKey: Guid(7a0210d44a75b8f4e884f089492efaaf) Importer(815301076,1909f56bfc062723c751e8b465ee728b)
Start importing Assets/BK_AlchemistHouse/Textures/Surfaces/WoodOrn01.png using Guid(7a0210d44a75b8f4e884f089492efaaf) Importer(815301076,1909f56bfc062723c751e8b465ee728b) (PreviewImporter) -> (artifact id: '114e95c6babbffeb48595b313b29b563') in 0.024324 seconds
Number of updated asset objects reloaded before import = 0Number of asset objects unloaded after import = 2

========================================================================
Received Import Request.
  Time since last request: 0.000041 seconds.
  path: Assets/BK_AlchemistHouse/Textures/Surfaces/WoodOrn_n.png
  artifactKey: Guid(d62f808f2c2496d4ea7e13ed25a838cc) Importer(815301076,1909f56bfc062723c751e8b465ee728b)
Start importing Assets/BK_AlchemistHouse/Textures/Surfaces/WoodOrn_n.png using Guid(d62f808f2c2496d4ea7e13ed25a838cc) Importer(815301076,1909f56bfc062723c751e8b465ee728b) (PreviewImporter) -> (artifact id: '372bd6ff1d3e1a941f7416bdd44b173b') in 0.0405359 seconds
Number of updated asset objects reloaded before import = 0Number of asset objects unloaded after import = 2

========================================================================
Received Import Request.
  Time since last request: 0.000062 seconds.
  path: Assets/BK_AlchemistHouse/Textures/Surfaces/StoneFloor01_n.png
  artifactKey: Guid(ab8670b7be5ce7f44aa07db6c475692d) Importer(815301076,1909f56bfc062723c751e8b465ee728b)
Start importing Assets/BK_AlchemistHouse/Textures/Surfaces/StoneFloor01_n.png using Guid(ab8670b7be5ce7f44aa07db6c475692d) Importer(815301076,1909f56bfc062723c751e8b465ee728b) (PreviewImporter) -> (artifact id: 'e0565595c53aefec47aa686f09ba93e2') in 0.026343 seconds
Number of updated asset objects reloaded before import = 0Number of asset objects unloaded after import = 2

========================================================================
Received Import Request.
  Time since last request: 0.000029 seconds.
  path: Assets/BK_AlchemistHouse/Textures/Surfaces/PlasterBare02b_n.png
  artifactKey: Guid(550627d54d27e4f4fb740e08e7c1b3da) Importer(815301076,1909f56bfc062723c751e8b465ee728b)
Start importing Assets/BK_AlchemistHouse/Textures/Surfaces/PlasterBare02b_n.png using Guid(550627d54d27e4f4fb740e08e7c1b3da) Importer(815301076,1909f56bfc062723c751e8b465ee728b) (PreviewImporter) -> (artifact id: 'd5e63210ff8d2767ceabc0d864fa2ff5') in 0.032249 seconds
Number of updated asset objects reloaded before import = 0Number of asset objects unloaded after import = 2

========================================================================
Received Import Request.
  Time since last request: 0.000036 seconds.
  path: Assets/BK_AlchemistHouse/Textures/Surfaces/PlasterBare05.png
  artifactKey: Guid(63b78badb89b12249b0cec91b9b08cd6) Importer(815301076,1909f56bfc062723c751e8b465ee728b)
Start importing Assets/BK_AlchemistHouse/Textures/Surfaces/PlasterBare05.png using Guid(63b78badb89b12249b0cec91b9b08cd6) Importer(815301076,1909f56bfc062723c751e8b465ee728b) (PreviewImporter) -> (artifact id: '9446fee834cc591d5ee85fefc0e2e4f9') in 0.0258867 seconds
Number of updated asset objects reloaded before import = 0Number of asset objects unloaded after import = 2

========================================================================
Received Import Request.
  Time since last request: 0.000042 seconds.
  path: Assets/BK_AlchemistHouse/Textures/Surfaces/FineWood01.png
  artifactKey: Guid(f8e388030a5371048b6b7aa78772d093) Importer(815301076,1909f56bfc062723c751e8b465ee728b)
Start importing Assets/BK_AlchemistHouse/Textures/Surfaces/FineWood01.png using Guid(f8e388030a5371048b6b7aa78772d093) Importer(815301076,1909f56bfc062723c751e8b465ee728b) (PreviewImporter) -> (artifact id: '9b05a2605725e6d73055db01b70ddda1') in 0.0284287 seconds
Number of updated asset objects reloaded before import = 0Number of asset objects unloaded after import = 2

========================================================================
Received Import Request.
  Time since last request: 0.000031 seconds.
  path: Assets/BK_AlchemistHouse/Textures/Surfaces/PlasterBare02_n.png
  artifactKey: Guid(e06aeae8f78c3cc4b9237ccc79f0a4e2) Importer(815301076,1909f56bfc062723c751e8b465ee728b)
Start importing Assets/BK_AlchemistHouse/Textures/Surfaces/PlasterBare02_n.png using Guid(e06aeae8f78c3cc4b9237ccc79f0a4e2) Importer(815301076,1909f56bfc062723c751e8b465ee728b) (PreviewImporter) -> (artifact id: '7f91bc44cf731f1770f91bb07eedd243') in 0.0287875 seconds
Number of updated asset objects reloaded before import = 0Number of asset objects unloaded after import = 2

========================================================================
Received Import Request.
  Time since last request: 14.210042 seconds.
  path: Assets/BK_AlchemistHouse/Textures/Surfaces/WoodRough03_m.png
  artifactKey: Guid(9478768ae7c7f98409973d018db15c21) Importer(815301076,1909f56bfc062723c751e8b465ee728b)
Start importing Assets/BK_AlchemistHouse/Textures/Surfaces/WoodRough03_m.png using Guid(9478768ae7c7f98409973d018db15c21) Importer(815301076,1909f56bfc062723c751e8b465ee728b) (PreviewImporter) -> (artifact id: '3c8be18875d3750c2d0fc5e16326b435') in 0.0227245 seconds
Number of updated asset objects reloaded before import = 0Number of asset objects unloaded after import = 2

========================================================================
Received Import Request.
  Time since last request: 0.000032 seconds.
  path: Assets/BK_AlchemistHouse/Textures/Surfaces/WoodRough04.png
  artifactKey: Guid(0057866526dcfe04bbe8d4f18f059eb7) Importer(815301076,1909f56bfc062723c751e8b465ee728b)
Start importing Assets/BK_AlchemistHouse/Textures/Surfaces/WoodRough04.png using Guid(0057866526dcfe04bbe8d4f18f059eb7) Importer(815301076,1909f56bfc062723c751e8b465ee728b) (PreviewImporter) -> (artifact id: '4db4bc91b01779d66ad35a4e6a9c2db6') in 0.0242888 seconds
Number of updated asset objects reloaded before import = 0Number of asset objects unloaded after import = 2

========================================================================
Received Import Request.
  Time since last request: 0.000032 seconds.
  path: Assets/BK_AlchemistHouse/Textures/Surfaces/WoodRough08_m.png
  artifactKey: Guid(9845adab7c848534c8fc0c02034cf386) Importer(815301076,1909f56bfc062723c751e8b465ee728b)
Start importing Assets/BK_AlchemistHouse/Textures/Surfaces/WoodRough08_m.png using Guid(9845adab7c848534c8fc0c02034cf386) Importer(815301076,1909f56bfc062723c751e8b465ee728b) (PreviewImporter) -> (artifact id: 'fe35e2aa3c6773534897ef638e69d552') in 0.0143355 seconds
Number of updated asset objects reloaded before import = 0Number of asset objects unloaded after import = 2

========================================================================
Received Import Request.
  Time since last request: 0.000031 seconds.
  path: Assets/BK_AlchemistHouse/Textures/Surfaces/WoodRough08Planks_m.png
  artifactKey: Guid(bf11c310f36aee241aff24556ead08f3) Importer(815301076,1909f56bfc062723c751e8b465ee728b)
Start importing Assets/BK_AlchemistHouse/Textures/Surfaces/WoodRough08Planks_m.png using Guid(bf11c310f36aee241aff24556ead08f3) Importer(815301076,1909f56bfc062723c751e8b465ee728b) (PreviewImporter) -> (artifact id: 'a73e265a32e3378ed93c4f96866f2d01') in 0.0238814 seconds
Number of updated asset objects reloaded before import = 0Number of asset objects unloaded after import = 2

========================================================================
Received Import Request.
  Time since last request: 0.000033 seconds.
  path: Assets/BK_AlchemistHouse/Textures/Surfaces/WoodRough06_m.png
  artifactKey: Guid(d7fb652030879864780fd25e531aef45) Importer(815301076,1909f56bfc062723c751e8b465ee728b)
Start importing Assets/BK_AlchemistHouse/Textures/Surfaces/WoodRough06_m.png using Guid(d7fb652030879864780fd25e531aef45) Importer(815301076,1909f56bfc062723c751e8b465ee728b) (PreviewImporter) -> (artifact id: 'cf56b487e0fcd2fc462e371ef5da0b8c') in 0.0119059 seconds
Number of updated asset objects reloaded before import = 0Number of asset objects unloaded after import = 2

========================================================================
Received Import Request.
  Time since last request: 0.000039 seconds.
  path: Assets/BK_AlchemistHouse/Textures/Surfaces/WoodRough07b_n.png
  artifactKey: Guid(14652c264dcc4c84b81535bd162ff09b) Importer(815301076,1909f56bfc062723c751e8b465ee728b)
Start importing Assets/BK_AlchemistHouse/Textures/Surfaces/WoodRough07b_n.png using Guid(14652c264dcc4c84b81535bd162ff09b) Importer(815301076,1909f56bfc062723c751e8b465ee728b) (PreviewImporter) -> (artifact id: 'ba42c9d07fe46606f446bba9b31711bf') in 0.0207162 seconds
Number of updated asset objects reloaded before import = 0Number of asset objects unloaded after import = 2

========================================================================
Received Import Request.
  Time since last request: 2215.046065 seconds.
  path: Assets/Scenes/vacio.unity
  artifactKey: Guid(99c9720ab356a0642a771bea13969a05) Importer(815301076,1909f56bfc062723c751e8b465ee728b)
Start importing Assets/Scenes/vacio.unity using Guid(99c9720ab356a0642a771bea13969a05) Importer(815301076,1909f56bfc062723c751e8b465ee728b) (PreviewImporter) -> (artifact id: '481d29405b29b2523baacfb221481e57') in 0.0006678 seconds
Number of updated asset objects reloaded before import = 0Number of asset objects unloaded after import = 0

========================================================================
Received Import Request.
  Time since last request: 38.887714 seconds.
  path: Assets/BK_AlchemistHouse
  artifactKey: Guid(db65d0931c92bc0479ca64bda11aefda) Importer(815301076,1909f56bfc062723c751e8b465ee728b)
Start importing Assets/BK_AlchemistHouse using Guid(db65d0931c92bc0479ca64bda11aefda) Importer(815301076,1909f56bfc062723c751e8b465ee728b) (PreviewImporter) -> (artifact id: 'a28a15a5cb02098f0524498f402e4b03') in 0.0051339 seconds
Number of updated asset objects reloaded before import = 0Number of asset objects unloaded after import = 0

========================================================================
Received Import Request.
  Time since last request: 246.576085 seconds.
  path: Assets/Scrpts
  artifactKey: Guid(22f8d953770d629c1ae8547199cacb82) Importer(815301076,1909f56bfc062723c751e8b465ee728b)
Start importing Assets/Scrpts using Guid(22f8d953770d629c1ae8547199cacb82) Importer(815301076,1909f56bfc062723c751e8b465ee728b) (PreviewImporter) -> (artifact id: '6507e75e6e3d9918fa39a8646fc5d80b') in 0.0006084 seconds
Number of updated asset objects reloaded before import = 0Number of asset objects unloaded after import = 0

========================================================================
Received Import Request.
  Time since last request: 1.624190 seconds.
  path: Assets/Scrpts/caja_fusibles_control.cs
  artifactKey: Guid(86d12e461b5cf9a028ea5163ea490a5b) Importer(815301076,1909f56bfc062723c751e8b465ee728b)
Start importing Assets/Scrpts/caja_fusibles_control.cs using Guid(86d12e461b5cf9a028ea5163ea490a5b) Importer(815301076,1909f56bfc062723c751e8b465ee728b) (PreviewImporter) -> (artifact id: '6912678fe3d28c573142346a4f023bf0') in 0.0005645 seconds
Number of updated asset objects reloaded before import = 0Number of asset objects unloaded after import = 0

========================================================================
Received Import Request.
  Time since last request: 0.294828 seconds.
  path: Assets/Scrpts/door_controller.cs
  artifactKey: Guid(1bdaea3ebf49d66fa96b710849771c0c) Importer(815301076,1909f56bfc062723c751e8b465ee728b)
Start importing Assets/Scrpts/door_controller.cs using Guid(1bdaea3ebf49d66fa96b710849771c0c) Importer(815301076,1909f56bfc062723c751e8b465ee728b) (PreviewImporter) -> (artifact id: '8d31bf0adf320214768f2e027cb85b3d') in 0.0009515 seconds
Number of updated asset objects reloaded before import = 0Number of asset objects unloaded after import = 0

========================================================================
Received Import Request.
  Time since last request: 0.571387 seconds.
  path: Assets/Scrpts/key_recollect.cs
  artifactKey: Guid(1a4ff2c60c9b972f48826e4e8846be11) Importer(815301076,1909f56bfc062723c751e8b465ee728b)
Start importing Assets/Scrpts/key_recollect.cs using Guid(1a4ff2c60c9b972f48826e4e8846be11) Importer(815301076,1909f56bfc062723c751e8b465ee728b) (PreviewImporter) -> (artifact id: '78461872031a6995512c8e7346c512d9') in 0.0007846 seconds
Number of updated asset objects reloaded before import = 0Number of asset objects unloaded after import = 0

========================================================================
Received Import Request.
  Time since last request: 1.350011 seconds.
  path: Assets/Scrpts/player_control.cs
  artifactKey: Guid(d7da6658c9a8ef621bc00f1ee7485ead) Importer(815301076,1909f56bfc062723c751e8b465ee728b)
Start importing Assets/Scrpts/player_control.cs using Guid(d7da6658c9a8ef621bc00f1ee7485ead) Importer(815301076,1909f56bfc062723c751e8b465ee728b) (PreviewImporter) -> (artifact id: '7c89a710a2fee422a86f59e439fe8181') in 0.0006731 seconds
Number of updated asset objects reloaded before import = 0Number of asset objects unloaded after import = 0

========================================================================
Received Import Request.
  Time since last request: 1942.969136 seconds.
  path: Assets/Materials/Steel/Box_Steel.mat
  artifactKey: Guid(15c9fa7f4a37c85428487d80a38f72ac) Importer(815301076,1909f56bfc062723c751e8b465ee728b)
Start importing Assets/Materials/Steel/Box_Steel.mat using Guid(15c9fa7f4a37c85428487d80a38f72ac) Importer(815301076,1909f56bfc062723c751e8b465ee728b) (PreviewImporter) -> (artifact id: 'c3ce3025210a2870d96bf61da3e31fb3') in 0.1102562 seconds
Number of updated asset objects reloaded before import = 0Number of asset objects unloaded after import = 4

========================================================================
Received Import Request.
  Time since last request: 0.000046 seconds.
  path: Assets/Materials/Steel/Panel_Steel.mat
  artifactKey: Guid(64315e6b4e6220e43a144d64b3d3487c) Importer(815301076,1909f56bfc062723c751e8b465ee728b)
Start importing Assets/Materials/Steel/Panel_Steel.mat using Guid(64315e6b4e6220e43a144d64b3d3487c) Importer(815301076,1909f56bfc062723c751e8b465ee728b) (PreviewImporter) -> (artifact id: '85f65821fb4a9f31e558dcefeb154a6b') in 0.0470584 seconds
Number of updated asset objects reloaded before import = 0Number of asset objects unloaded after import = 4

========================================================================
Received Import Request.
  Time since last request: 5.601632 seconds.
  path: Assets/Rust Key/Prefabs
  artifactKey: Guid(51583b4ac38b90748b20a384ff8098db) Importer(815301076,1909f56bfc062723c751e8b465ee728b)
Start importing Assets/Rust Key/Prefabs using Guid(51583b4ac38b90748b20a384ff8098db) Importer(815301076,1909f56bfc062723c751e8b465ee728b) (PreviewImporter) -> (artifact id: 'e4636deb146b89ec15bf27231b7d71fe') in 0.0009609 seconds
Number of updated asset objects reloaded before import = 0Number of asset objects unloaded after import = 0

========================================================================
Received Import Request.
  Time since last request: 1.634204 seconds.
  path: Assets/Rust Key/Prefabs/rust_key.prefab
  artifactKey: Guid(78df1db2fbc8ec64f949fac0c05bf693) Importer(815301076,1909f56bfc062723c751e8b465ee728b)
Start importing Assets/Rust Key/Prefabs/rust_key.prefab using Guid(78df1db2fbc8ec64f949fac0c05bf693) Importer(815301076,1909f56bfc062723c751e8b465ee728b) (PreviewImporter) -> (artifact id: 'b04baa60d0473bf3c5ce7c73255edf40') in 2.3612583 seconds
Number of updated asset objects reloaded before import = 0Number of asset objects unloaded after import = 13

========================================================================
Received Prepare
Begin MonoManager ReloadAssembly
[Licensing::Client] Successfully resolved entitlement details
- Loaded All Assemblies, in  3.403 seconds
Refreshing native plugins compatible for Editor in 1.77 ms, found 3 plugins.
Native extension for WindowsStandalone target not found
[Package Manager] Failed to launch server process. Reason: Unity was launched with the -noUpm command-line argument
[Package Manager] Unable to send message (not connected to server process).
[Package Manager] Cannot connect to Unity Package Manager local server
[MODES] ModeService[none].Initialize
[MODES] ModeService[none].LoadModes
Mono: successfully reloaded assembly
- Finished resetting the current domain, in  0.969 seconds
Domain Reload Profiling: 4373ms
	BeginReloadAssembly (571ms)
		ExecutionOrderSort (0ms)
		DisableScriptedObjects (36ms)
		BackupInstance (0ms)
		ReleaseScriptingObjects (1ms)
		CreateAndSetChildDomain (112ms)
	RebuildCommonClasses (147ms)
	RebuildNativeTypeToScriptingClass (18ms)
	initialDomainReloadingComplete (41ms)
	LoadAllAssembliesAndSetupDomain (2625ms)
		LoadAssemblies (2687ms)
		RebuildTransferFunctionScriptingTraits (0ms)
		AnalyzeDomain (269ms)
			TypeCache.Refresh (11ms)
				TypeCache.ScanAssembly (0ms)
			BuildScriptInfoCaches (235ms)
			ResolveRequiredComponents (16ms)
	FinalizeReload (970ms)
		ReleaseScriptCaches (0ms)
		RebuildScriptCaches (0ms)
		SetupLoadedEditorAssemblies (762ms)
			LogAssemblyErrors (0ms)
			InitializePlatformSupportModulesInManaged (2ms)
			SetLoadedEditorAssemblies (6ms)
			BeforeProcessingInitializeOnLoad (197ms)
			ProcessInitializeOnLoadAttributes (434ms)
			ProcessInitializeOnLoadMethodAttributes (113ms)
			AfterProcessingInitializeOnLoad (10ms)
			EditorAssembliesLoaded (0ms)
		ExecutionOrderSort2 (0ms)
		AwakeInstancesAfterBackupRestoration (19ms)
Refreshing native plugins compatible for Editor in 1.91 ms, found 3 plugins.
Preloading 0 native plugins for Editor in 0.00 ms.
Unloading 14 Unused Serialized files (Serialized files now loaded: 0)
Unloading 6554 unused Assets / (4.9 MB). Loaded Objects now: 7378.
Memory consumption went from 160.4 MB to 155.5 MB.
Total: 14.379700 ms (FindLiveObjects: 0.887900 ms CreateObjectMapping: 1.728300 ms MarkObjects: 7.360900 ms  DeleteObjects: 4.401000 ms)

Prepare: number of updated asset objects reloaded= 0
========================================================================
Received Prepare
Begin MonoManager ReloadAssembly
[Licensing::Client] Successfully resolved entitlement details
- Loaded All Assemblies, in  0.803 seconds
Refreshing native plugins compatible for Editor in 1.20 ms, found 3 plugins.
Native extension for WindowsStandalone target not found
[Package Manager] Failed to launch server process. Reason: Unity was launched with the -noUpm command-line argument
[Package Manager] Unable to send message (not connected to server process).
[Package Manager] Cannot connect to Unity Package Manager local server
[MODES] ModeService[none].Initialize
[MODES] ModeService[none].LoadModes
Mono: successfully reloaded assembly
- Finished resetting the current domain, in  0.787 seconds
Domain Reload Profiling: 1588ms
	BeginReloadAssembly (240ms)
		ExecutionOrderSort (0ms)
		DisableScriptedObjects (9ms)
		BackupInstance (0ms)
		ReleaseScriptingObjects (0ms)
		CreateAndSetChildDomain (61ms)
	RebuildCommonClasses (40ms)
	RebuildNativeTypeToScriptingClass (12ms)
	initialDomainReloadingComplete (30ms)
	LoadAllAssembliesAndSetupDomain (478ms)
		LoadAssemblies (380ms)
		RebuildTransferFunctionScriptingTraits (0ms)
		AnalyzeDomain (193ms)
			TypeCache.Refresh (7ms)
				TypeCache.ScanAssembly (0ms)
			BuildScriptInfoCaches (169ms)
			ResolveRequiredComponents (10ms)
	FinalizeReload (788ms)
		ReleaseScriptCaches (0ms)
		RebuildScriptCaches (0ms)
		SetupLoadedEditorAssemblies (641ms)
			LogAssemblyErrors (0ms)
			InitializePlatformSupportModulesInManaged (2ms)
			SetLoadedEditorAssemblies (5ms)
			BeforeProcessingInitializeOnLoad (161ms)
			ProcessInitializeOnLoadAttributes (360ms)
			ProcessInitializeOnLoadMethodAttributes (105ms)
			AfterProcessingInitializeOnLoad (8ms)
			EditorAssembliesLoaded (0ms)
		ExecutionOrderSort2 (0ms)
		AwakeInstancesAfterBackupRestoration (20ms)
Refreshing native plugins compatible for Editor in 1.11 ms, found 3 plugins.
Preloading 0 native plugins for Editor in 0.00 ms.
Unloading 14 Unused Serialized files (Serialized files now loaded: 0)
Unloading 6549 unused Assets / (4.5 MB). Loaded Objects now: 7381.
Memory consumption went from 162.8 MB to 158.3 MB.
Total: 10.184800 ms (FindLiveObjects: 1.020300 ms CreateObjectMapping: 0.964700 ms MarkObjects: 4.889700 ms  DeleteObjects: 3.309200 ms)

Prepare: number of updated asset objects reloaded= 0
========================================================================
Received Prepare
Begin MonoManager ReloadAssembly
[Licensing::Client] Successfully resolved entitlement details
- Loaded All Assemblies, in  0.786 seconds
Refreshing native plugins compatible for Editor in 1.05 ms, found 3 plugins.
Native extension for WindowsStandalone target not found
[Package Manager] Failed to launch server process. Reason: Unity was launched with the -noUpm command-line argument
[Package Manager] Unable to send message (not connected to server process).
[Package Manager] Cannot connect to Unity Package Manager local server
[MODES] ModeService[none].Initialize
[MODES] ModeService[none].LoadModes
Mono: successfully reloaded assembly
- Finished resetting the current domain, in  0.776 seconds
Domain Reload Profiling: 1561ms
	BeginReloadAssembly (230ms)
		ExecutionOrderSort (0ms)
		DisableScriptedObjects (10ms)
		BackupInstance (0ms)
		ReleaseScriptingObjects (0ms)
		CreateAndSetChildDomain (62ms)
	RebuildCommonClasses (34ms)
	RebuildNativeTypeToScriptingClass (12ms)
	initialDomainReloadingComplete (32ms)
	LoadAllAssembliesAndSetupDomain (478ms)
		LoadAssemblies (381ms)
		RebuildTransferFunctionScriptingTraits (0ms)
		AnalyzeDomain (188ms)
			TypeCache.Refresh (7ms)
				TypeCache.ScanAssembly (0ms)
			BuildScriptInfoCaches (162ms)
			ResolveRequiredComponents (13ms)
	FinalizeReload (777ms)
		ReleaseScriptCaches (0ms)
		RebuildScriptCaches (0ms)
		SetupLoadedEditorAssemblies (635ms)
			LogAssemblyErrors (0ms)
			InitializePlatformSupportModulesInManaged (1ms)
			SetLoadedEditorAssemblies (5ms)
			BeforeProcessingInitializeOnLoad (164ms)
			ProcessInitializeOnLoadAttributes (361ms)
			ProcessInitializeOnLoadMethodAttributes (93ms)
			AfterProcessingInitializeOnLoad (10ms)
			EditorAssembliesLoaded (0ms)
		ExecutionOrderSort2 (0ms)
		AwakeInstancesAfterBackupRestoration (15ms)
Refreshing native plugins compatible for Editor in 1.62 ms, found 3 plugins.
Preloading 0 native plugins for Editor in 0.00 ms.
Unloading 14 Unused Serialized files (Serialized files now loaded: 0)
Unloading 6549 unused Assets / (4.4 MB). Loaded Objects now: 7384.
Memory consumption went from 165.3 MB to 160.9 MB.
Total: 12.097100 ms (FindLiveObjects: 1.326200 ms CreateObjectMapping: 1.409400 ms MarkObjects: 6.576700 ms  DeleteObjects: 2.783800 ms)

Prepare: number of updated asset objects reloaded= 0
========================================================================
Received Prepare
Begin MonoManager ReloadAssembly
[Licensing::Client] Successfully resolved entitlement details
- Loaded All Assemblies, in  0.759 seconds
Refreshing native plugins compatible for Editor in 1.39 ms, found 3 plugins.
Native extension for WindowsStandalone target not found
[Package Manager] Failed to launch server process. Reason: Unity was launched with the -noUpm command-line argument
[Package Manager] Unable to send message (not connected to server process).
[Package Manager] Cannot connect to Unity Package Manager local server
[MODES] ModeService[none].Initialize
[MODES] ModeService[none].LoadModes
Mono: successfully reloaded assembly
- Finished resetting the current domain, in  0.766 seconds
Domain Reload Profiling: 1527ms
	BeginReloadAssembly (228ms)
		ExecutionOrderSort (0ms)
		DisableScriptedObjects (6ms)
		BackupInstance (0ms)
		ReleaseScriptingObjects (0ms)
		CreateAndSetChildDomain (58ms)
	RebuildCommonClasses (43ms)
	RebuildNativeTypeToScriptingClass (10ms)
	initialDomainReloadingComplete (31ms)
	LoadAllAssembliesAndSetupDomain (448ms)
		LoadAssemblies (364ms)
		RebuildTransferFunctionScriptingTraits (0ms)
		AnalyzeDomain (170ms)
			TypeCache.Refresh (6ms)
				TypeCache.ScanAssembly (0ms)
			BuildScriptInfoCaches (148ms)
			ResolveRequiredComponents (10ms)
	FinalizeReload (767ms)
		ReleaseScriptCaches (0ms)
		RebuildScriptCaches (0ms)
		SetupLoadedEditorAssemblies (617ms)
			LogAssemblyErrors (0ms)
			InitializePlatformSupportModulesInManaged (2ms)
			SetLoadedEditorAssemblies (5ms)
			BeforeProcessingInitializeOnLoad (151ms)
			ProcessInitializeOnLoadAttributes (346ms)
			ProcessInitializeOnLoadMethodAttributes (104ms)
			AfterProcessingInitializeOnLoad (8ms)
			EditorAssembliesLoaded (0ms)
		ExecutionOrderSort2 (0ms)
		AwakeInstancesAfterBackupRestoration (17ms)
Refreshing native plugins compatible for Editor in 2.69 ms, found 3 plugins.
Preloading 0 native plugins for Editor in 0.00 ms.
Unloading 14 Unused Serialized files (Serialized files now loaded: 0)
Unloading 6549 unused Assets / (4.1 MB). Loaded Objects now: 7387.
Memory consumption went from 168.0 MB to 163.9 MB.
Total: 12.508800 ms (FindLiveObjects: 0.981000 ms CreateObjectMapping: 0.503500 ms MarkObjects: 7.743400 ms  DeleteObjects: 3.280000 ms)

Prepare: number of updated asset objects reloaded= 0
========================================================================
Received Prepare
Begin MonoManager ReloadAssembly
[Licensing::Client] Successfully resolved entitlement details
- Loaded All Assemblies, in  0.783 seconds
Refreshing native plugins compatible for Editor in 1.43 ms, found 3 plugins.
Native extension for WindowsStandalone target not found
[Package Manager] Failed to launch server process. Reason: Unity was launched with the -noUpm command-line argument
[Package Manager] Unable to send message (not connected to server process).
[Package Manager] Cannot connect to Unity Package Manager local server
[MODES] ModeService[none].Initialize
[MODES] ModeService[none].LoadModes
Mono: successfully reloaded assembly
- Finished resetting the current domain, in  0.817 seconds
Domain Reload Profiling: 1597ms
	BeginReloadAssembly (230ms)
		ExecutionOrderSort (0ms)
		DisableScriptedObjects (7ms)
		BackupInstance (0ms)
		ReleaseScriptingObjects (0ms)
		CreateAndSetChildDomain (54ms)
	RebuildCommonClasses (30ms)
	RebuildNativeTypeToScriptingClass (11ms)
	initialDomainReloadingComplete (29ms)
	LoadAllAssembliesAndSetupDomain (480ms)
		LoadAssemblies (396ms)
		RebuildTransferFunctionScriptingTraits (0ms)
		AnalyzeDomain (187ms)
			TypeCache.Refresh (11ms)
				TypeCache.ScanAssembly (1ms)
			BuildScriptInfoCaches (162ms)
			ResolveRequiredComponents (10ms)
	FinalizeReload (818ms)
		ReleaseScriptCaches (0ms)
		RebuildScriptCaches (0ms)
		SetupLoadedEditorAssemblies (643ms)
			LogAssemblyErrors (0ms)
			InitializePlatformSupportModulesInManaged (2ms)
			SetLoadedEditorAssemblies (6ms)
			BeforeProcessingInitializeOnLoad (163ms)
			ProcessInitializeOnLoadAttributes (379ms)
			ProcessInitializeOnLoadMethodAttributes (84ms)
			AfterProcessingInitializeOnLoad (9ms)
			EditorAssembliesLoaded (0ms)
		ExecutionOrderSort2 (0ms)
		AwakeInstancesAfterBackupRestoration (17ms)
Refreshing native plugins compatible for Editor in 1.91 ms, found 3 plugins.
Preloading 0 native plugins for Editor in 0.00 ms.
Unloading 14 Unused Serialized files (Serialized files now loaded: 0)
Unloading 6549 unused Assets / (4.3 MB). Loaded Objects now: 7390.
Memory consumption went from 170.6 MB to 166.3 MB.
Total: 9.723800 ms (FindLiveObjects: 1.333000 ms CreateObjectMapping: 0.761000 ms MarkObjects: 5.456200 ms  DeleteObjects: 2.172900 ms)

Prepare: number of updated asset objects reloaded= 0
========================================================================
Received Prepare
Begin MonoManager ReloadAssembly
[Licensing::Client] Successfully resolved entitlement details
- Loaded All Assemblies, in  0.789 seconds
Refreshing native plugins compatible for Editor in 1.86 ms, found 3 plugins.
Native extension for WindowsStandalone target not found
[Package Manager] Failed to launch server process. Reason: Unity was launched with the -noUpm command-line argument
[Package Manager] Unable to send message (not connected to server process).
[Package Manager] Cannot connect to Unity Package Manager local server
[MODES] ModeService[none].Initialize
[MODES] ModeService[none].LoadModes
Mono: successfully reloaded assembly
- Finished resetting the current domain, in  0.769 seconds
Domain Reload Profiling: 1556ms
	BeginReloadAssembly (246ms)
		ExecutionOrderSort (0ms)
		DisableScriptedObjects (9ms)
		BackupInstance (0ms)
		ReleaseScriptingObjects (0ms)
		CreateAndSetChildDomain (62ms)
	RebuildCommonClasses (30ms)
	RebuildNativeTypeToScriptingClass (11ms)
	initialDomainReloadingComplete (32ms)
	LoadAllAssembliesAndSetupDomain (468ms)
		LoadAssemblies (378ms)
		RebuildTransferFunctionScriptingTraits (0ms)
		AnalyzeDomain (190ms)
			TypeCache.Refresh (7ms)
				TypeCache.ScanAssembly (0ms)
			BuildScriptInfoCaches (165ms)
			ResolveRequiredComponents (13ms)
	FinalizeReload (770ms)
		ReleaseScriptCaches (0ms)
		RebuildScriptCaches (0ms)
		SetupLoadedEditorAssemblies (618ms)
			LogAssemblyErrors (0ms)
			InitializePlatformSupportModulesInManaged (1ms)
			SetLoadedEditorAssemblies (4ms)
			BeforeProcessingInitializeOnLoad (160ms)
			ProcessInitializeOnLoadAttributes (351ms)
			ProcessInitializeOnLoadMethodAttributes (94ms)
			AfterProcessingInitializeOnLoad (8ms)
			EditorAssembliesLoaded (0ms)
		ExecutionOrderSort2 (0ms)
		AwakeInstancesAfterBackupRestoration (16ms)
Refreshing native plugins compatible for Editor in 1.82 ms, found 3 plugins.
Preloading 0 native plugins for Editor in 0.00 ms.
Unloading 14 Unused Serialized files (Serialized files now loaded: 0)
Unloading 6549 unused Assets / (4.2 MB). Loaded Objects now: 7393.
Memory consumption went from 173.2 MB to 169.0 MB.
Total: 14.579400 ms (FindLiveObjects: 1.214900 ms CreateObjectMapping: 2.117200 ms MarkObjects: 7.381300 ms  DeleteObjects: 3.864900 ms)

Prepare: number of updated asset objects reloaded= 0
========================================================================
Received Prepare
Begin MonoManager ReloadAssembly
[Licensing::Client] Successfully resolved entitlement details
- Loaded All Assemblies, in  0.775 seconds
Refreshing native plugins compatible for Editor in 1.24 ms, found 3 plugins.
Native extension for WindowsStandalone target not found
[Package Manager] Failed to launch server process. Reason: Unity was launched with the -noUpm command-line argument
[Package Manager] Unable to send message (not connected to server process).
[Package Manager] Cannot connect to Unity Package Manager local server
[MODES] ModeService[none].Initialize
[MODES] ModeService[none].LoadModes
Mono: successfully reloaded assembly
- Finished resetting the current domain, in  0.807 seconds
Domain Reload Profiling: 1585ms
	BeginReloadAssembly (241ms)
		ExecutionOrderSort (0ms)
		DisableScriptedObjects (11ms)
		BackupInstance (0ms)
		ReleaseScriptingObjects (0ms)
		CreateAndSetChildDomain (64ms)
	RebuildCommonClasses (40ms)
	RebuildNativeTypeToScriptingClass (12ms)
	initialDomainReloadingComplete (33ms)
	LoadAllAssembliesAndSetupDomain (450ms)
		LoadAssemblies (360ms)
		RebuildTransferFunctionScriptingTraits (0ms)
		AnalyzeDomain (180ms)
			TypeCache.Refresh (6ms)
				TypeCache.ScanAssembly (0ms)
			BuildScriptInfoCaches (155ms)
			ResolveRequiredComponents (12ms)
	FinalizeReload (808ms)
		ReleaseScriptCaches (0ms)
		RebuildScriptCaches (0ms)
		SetupLoadedEditorAssemblies (645ms)
			LogAssemblyErrors (0ms)
			InitializePlatformSupportModulesInManaged (2ms)
			SetLoadedEditorAssemblies (4ms)
			BeforeProcessingInitializeOnLoad (185ms)
			ProcessInitializeOnLoadAttributes (340ms)
			ProcessInitializeOnLoadMethodAttributes (102ms)
			AfterProcessingInitializeOnLoad (12ms)
			EditorAssembliesLoaded (0ms)
		ExecutionOrderSort2 (0ms)
		AwakeInstancesAfterBackupRestoration (19ms)
Refreshing native plugins compatible for Editor in 2.32 ms, found 3 plugins.
Preloading 0 native plugins for Editor in 0.00 ms.
Unloading 14 Unused Serialized files (Serialized files now loaded: 0)
Unloading 6549 unused Assets / (5.5 MB). Loaded Objects now: 7396.
Memory consumption went from 175.8 MB to 170.3 MB.
Total: 18.834000 ms (FindLiveObjects: 1.682200 ms CreateObjectMapping: 1.590300 ms MarkObjects: 9.350200 ms  DeleteObjects: 6.210300 ms)

Prepare: number of updated asset objects reloaded= 0
