Unity Editor version:    6000.2.4f1 (17550c9bb584)
Branch:                  6000.2/staging
Build type:              Release
Batch mode:              YES
System name:             Linux
Distro version:          #88~22.04.1-Ubuntu SMP PREEMPT_DYNAMIC Tue Oct 14 14:03:14 UTC 2
Kernel version:          6.8.0-87-generic
Architecture:            x86_64
Available memory:        31804 MB
Date:                    2025-11-20T08:56:08Z
[Licensing::Module] Trying to connect to existing licensing client channel...
[Licensing::IpcConnector] Successfully connected to: "LicenseClient-alumne" at "2025-11-20T08:56:08.957737Z"
[SignatureVerifier] Application signature verification not supported on this platform.
[Licensing::Client] Error: HandshakeResponse reported an error:
	ResponseCode: 505
	ResponseStatus: Unsupported protocol version '1.17.2'.
[Licensing::Module] Error: Failed to handshake to channel: "LicenseClient-alumne"
[Licensing::IpcConnector] LicenseClient-alumne channel disconnected successfully.
[Licensing::IpcConnector] Successfully connected to: "LicenseClient-alumne-6000.2.4" at "2025-11-20T08:56:08.958605Z"
[SignatureVerifier] Application signature verification not supported on this platform.
[Licensing::Client] Handshaking with LicensingClient:
  Version:                 1.17.2+ff71f16
  Session Id:              11089835fb6c4547b8f16aef7946b77b
  Correlation Id:          aa1c7e664cc5caae8f8cff06e32798f5
  External correlation Id: 9184711371886913712
  Machine Id:              PBfslzCGj3XDXh96AHqdGvRuB7g=
[Licensing::Module] Successfully connected to LicensingClient on channel: "LicenseClient-alumne-6000.2.4" (connect: 0.00s, validation: 0.00s, handshake: 0.00s)
[Licensing::IpcConnector] Successfully connected to: "LicenseClient-alumne-6000.2.4-notifications" at "2025-11-20T08:56:08.960636Z"
[Licensing::Module] Licensing Background thread has ended after 0.00s
Selected window backend: (null) 
Desktop is 1920 x 1080 @ 60 Hz
Initialize udev device monitor.

COMMAND LINE ARGUMENTS:
Unity
-adb2
-batchMode
-noUpm
-name
AssetImportWorker19
-projectPath
/home/alumne/Scape_Room
-logFile
Logs/AssetImportWorker19.log
-srvPort
44257
-licensingIpc
LicenseClient-alumne
-job-worker-count
9
-background-job-worker-count
8
-gc-helper-count
1
Successfully changed project path to: /home/alumne/Scape_Room

(Unity:8645): Gtk-CRITICAL **: 09:56:09.277: gtk_label_set_text: assertion 'GTK_IS_LABEL (label)' failed

(Unity:8645): Gtk-CRITICAL **: 09:56:09.330: gtk_label_set_text: assertion 'GTK_IS_LABEL (label)' failed
/home/alumne/Scape_Room
[UnityMemory] Configuration Parameters - Can be set up in boot.config
    "memorysetup-allocator-temp-initial-block-size-main=262144"
    "memorysetup-allocator-temp-initial-block-size-worker=262144"
    "memorysetup-bucket-allocator-granularity=16"
    "memorysetup-bucket-allocator-bucket-count=8"
    "memorysetup-bucket-allocator-block-size=33554432"
    "memorysetup-bucket-allocator-block-count=8"
    "memorysetup-main-allocator-block-size=16777216"
    "memorysetup-thread-allocator-block-size=16777216"
    "memorysetup-gfx-main-allocator-block-size=16777216"
    "memorysetup-gfx-thread-allocator-block-size=16777216"
    "memorysetup-cache-allocator-block-size=4194304"
    "memorysetup-typetree-allocator-block-size=2097152"
    "memorysetup-profiler-bucket-allocator-granularity=16"
    "memorysetup-profiler-bucket-allocator-bucket-count=8"
    "memorysetup-profiler-bucket-allocator-block-size=33554432"
    "memorysetup-profiler-bucket-allocator-block-count=8"
    "memorysetup-profiler-allocator-block-size=16777216"
    "memorysetup-profiler-editor-allocator-block-size=1048576"
    "memorysetup-temp-allocator-size-main=16777216"
    "memorysetup-job-temp-allocator-block-size=2097152"
    "memorysetup-job-temp-allocator-block-size-background=1048576"
    "memorysetup-job-temp-allocator-reduction-small-platforms=262144"
    "memorysetup-temp-allocator-size-background-worker=32768"
    "memorysetup-temp-allocator-size-job-worker=262144"
    "memorysetup-temp-allocator-size-preload-manager=33554432"
    "memorysetup-temp-allocator-size-nav-mesh-worker=65536"
    "memorysetup-temp-allocator-size-audio-worker=65536"
    "memorysetup-temp-allocator-size-cloud-worker=32768"
    "memorysetup-temp-allocator-size-gi-baking-worker=262144"
    "memorysetup-temp-allocator-size-gi-baking-worker=262144"
    "memorysetup-temp-allocator-size-gi-baking-worker=262144"
    "memorysetup-temp-allocator-size-gi-baking-worker=262144"
    "memorysetup-temp-allocator-size-gi-baking-worker=262144"
    "memorysetup-temp-allocator-size-gfx=262144"
Player connection [125997672524544]  Target information:

Player connection [125997672524544]  * "[IP] 192.168.96.79 [Port] 0 [Flags] 2 [Guid] 2220193725 [EditorId] 2220193725 [Version] 1048832 [Id] LinuxEditor(16,192.168.96.79) [Debug] 1 [PackageName] LinuxEditor [ProjectName] Editor" 

Player connection [125997672524544]  * "[IP] 192.168.122.1 [Port] 0 [Flags] 2 [Guid] 2220193725 [EditorId] 2220193725 [Version] 1048832 [Id] LinuxEditor(16,192.168.96.79) [Debug] 1 [PackageName] LinuxEditor [ProjectName] Editor" 

Player connection [125997672524544] Host joined multi-casting on [225.0.0.222:54997]...
Player connection [125997672524544] Host joined alternative multi-casting on [225.0.0.222:34997]...
JobSystem: Creating JobQueue using job-worker-count value 9
Input System module state changed to: Initialized.
[Physics::Module] Initialized fallback backend.
[Physics::Module] Id: 0xdecafbad
Library Redirect Path: Library/
[Physics::Module] Selected backend.
[Physics::Module] Name: PhysX
[Physics::Module] Id: 0xf2b8ea05
[Physics::Module] SDK Version: 4.1.2
[Physics::Module] Integration Version: 1.0.0
[Physics::Module] Threading Mode: Multi-Threaded
Refreshing native plugins compatible for Editor in 1,16 ms, found 0 plugins.
Preloading 0 native plugins for Editor in 0,00 ms.
Initialize engine version: 6000.2.4f1 (17550c9bb584)
[Subsystems] Discovering subsystems at path /home/alumne/Unity/Hub/Editor/6000.2.4f1/Editor/Data/Resources/UnitySubsystems
[Subsystems] Discovering subsystems at path /home/alumne/Scape_Room/Assets
kGfxThreadingModeNonThreaded is not supported on OpenGL Core. Reverting to kGfxThreadingModeDirect instead.
GfxDevice: creating device client; kGfxThreadingModeDirect
GLX Extensions: GLX_ARB_get_proc_address GLX_ARB_multisample GLX_EXT_visual_info GLX_EXT_visual_rating GLX_EXT_import_context GLX_SGI_video_sync GLX_SGIX_fbconfig GLX_SGIX_pbuffer GLX_SGI_swap_control GLX_EXT_swap_control GLX_EXT_swap_control_tear GLX_EXT_buffer_age GLX_ARB_create_context GLX_ARB_create_context_profile GLX_NV_float_buffer GLX_ARB_fbconfig_float GLX_EXT_texture_from_pixmap GLX_EXT_framebuffer_sRGB GLX_NV_copy_image GLX_EXT_create_context_es_profile GLX_EXT_create_context_es2_profile GLX_ARB_create_context_no_error GLX_ARB_create_context_robustness GLX_NV_delay_before_swap GLX_EXT_stereo_tree GLX_ARB_context_flush_control GLX_NV_robustness_video_memory_purge GLX_NV_multigpu_context 
Renderer: NVIDIA GeForce GTX 1660 SUPER/PCIe/SSE2
Vendor:   NVIDIA Corporation
Version:  4.5.0 NVIDIA 535.274.02
GLES:     0
 GL_AMD_multi_draw_indirect GL_AMD_seamless_cubemap_per_texture GL_AMD_vertex_shader_viewport_index GL_AMD_vertex_shader_layer GL_ARB_arrays_of_arrays GL_ARB_base_instance GL_ARB_bindless_texture GL_ARB_blend_func_extended GL_ARB_buffer_storage GL_ARB_clear_buffer_object GL_ARB_clear_texture GL_ARB_clip_control GL_ARB_color_buffer_float GL_ARB_compressed_texture_pixel_storage GL_ARB_conservative_depth GL_ARB_compute_shader GL_ARB_compute_variable_group_size GL_ARB_conditional_render_inverted GL_ARB_copy_buffer GL_ARB_copy_image GL_ARB_cull_distance GL_ARB_debug_output GL_ARB_depth_buffer_float GL_ARB_depth_clamp GL_ARB_depth_texture GL_ARB_derivative_control GL_ARB_direct_state_access GL_ARB_draw_buffers GL_ARB_draw_buffers_blend GL_ARB_draw_indirect GL_ARB_draw_elements_base_vertex GL_ARB_draw_instanced GL_ARB_enhanced_layouts GL_ARB_ES2_compatibility GL_ARB_ES3_compatibility GL_ARB_ES3_1_compatibility GL_ARB_ES3_2_compatibility GL_ARB_explicit_attrib_location GL_ARB_explicit_uniform_location GL_ARB_fragmen
t_coord_conventions GL_ARB_fragment_layer_viewport GL_ARB_fragment_program GL_ARB_fragment_program_shadow GL_ARB_fragment_shader GL_ARB_fragment_shader_interlock GL_ARB_framebuffer_no_attachments GL_ARB_framebuffer_object GL_ARB_framebuffer_sRGB GL_ARB_geometry_shader4 GL_ARB_get_program_binary GL_ARB_get_texture_sub_image GL_ARB_gl_spirv GL_ARB_gpu_shader5 GL_ARB_gpu_shader_fp64 GL_ARB_gpu_shader_int64 GL_ARB_half_float_pixel GL_ARB_half_float_vertex GL_ARB_imaging GL_ARB_indirect_parameters GL_ARB_instanced_arrays GL_ARB_internalformat_query GL_ARB_internalformat_query2 GL_ARB_invalidate_subdata GL_ARB_map_buffer_alignment GL_ARB_map_buffer_range GL_ARB_multi_bind GL_ARB_multi_draw_indirect GL_ARB_multisample GL_ARB_multitexture GL_ARB_occlusion_query GL_ARB_occlusion_query2 GL_ARB_parallel_shader_compile GL_ARB_pipeline_statistics_query GL_ARB_pixel_buffer_object GL_ARB_point_parameters GL_ARB_point_sprite GL_ARB_polygon_offset_clamp GL_ARB_post_depth_coverage GL_ARB_program_interface_query GL_ARB_provoki
ng_vertex GL_ARB_query_buffer_object GL_ARB_robust_buffer_access_behavior GL_ARB_robustness GL_ARB_sample_locations GL_ARB_sample_shading GL_ARB_sampler_objects GL_ARB_seamless_cube_map GL_ARB_seamless_cubemap_per_texture GL_ARB_separate_shader_objects GL_ARB_shader_atomic_counter_ops GL_ARB_shader_atomic_counters GL_ARB_shader_ballot GL_ARB_shader_bit_encoding GL_ARB_shader_clock GL_ARB_shader_draw_parameters GL_ARB_shader_group_vote GL_ARB_shader_image_load_store GL_ARB_shader_image_size GL_ARB_shader_objects GL_ARB_shader_precision GL_ARB_shader_storage_buffer_object GL_ARB_shader_subroutine GL_ARB_shader_texture_image_samples GL_ARB_shader_texture_lod GL_ARB_shading_language_100 GL_ARB_shader_viewport_layer_array GL_ARB_shading_language_420pack GL_ARB_shading_language_include GL_ARB_shading_language_packing GL_ARB_shadow GL_ARB_sparse_buffer GL_ARB_sparse_texture GL_ARB_sparse_texture2 GL_ARB_sparse_texture_clamp GL_ARB_spirv_extensions GL_ARB_stencil_texturing GL_ARB_sync GL_ARB_tessellation_shader GL_A
RB_texture_barrier GL_ARB_texture_border_clamp GL_ARB_texture_buffer_object GL_ARB_texture_buffer_object_rgb32 GL_ARB_texture_buffer_range GL_ARB_texture_compression GL_ARB_texture_compression_bptc GL_ARB_texture_compression_rgtc GL_ARB_texture_cube_map GL_ARB_texture_cube_map_array GL_ARB_texture_env_add GL_ARB_texture_env_combine GL_ARB_texture_env_crossbar GL_ARB_texture_env_dot3 GL_ARB_texture_filter_anisotropic GL_ARB_texture_filter_minmax GL_ARB_texture_float GL_ARB_texture_gather GL_ARB_texture_mirror_clamp_to_edge GL_ARB_texture_mirrored_repeat GL_ARB_texture_multisample GL_ARB_texture_non_power_of_two GL_ARB_texture_query_levels GL_ARB_texture_query_lod GL_ARB_texture_rectangle GL_ARB_texture_rg GL_ARB_texture_rgb10_a2ui GL_ARB_texture_stencil8 GL_ARB_texture_storage GL_ARB_texture_storage_multisample GL_ARB_texture_swizzle GL_ARB_texture_view GL_ARB_timer_query GL_ARB_transform_feedback2 GL_ARB_transform_feedback3 GL_ARB_transform_feedback_instanced GL_ARB_transform_feedback_overflow_query GL_ARB_t
ranspose_matrix GL_ARB_uniform_buffer_object GL_ARB_vertex_array_bgra GL_ARB_vertex_array_object GL_ARB_vertex_attrib_64bit GL_ARB_vertex_attrib_binding GL_ARB_vertex_buffer_object GL_ARB_vertex_program GL_ARB_vertex_shader GL_ARB_vertex_type_10f_11f_11f_rev GL_ARB_vertex_type_2_10_10_10_rev GL_ARB_viewport_array GL_ARB_window_pos GL_ATI_draw_buffers GL_ATI_texture_float GL_ATI_texture_mirror_once GL_S3_s3tc GL_EXT_texture_env_add GL_EXT_abgr GL_EXT_bgra GL_EXT_bindable_uniform GL_EXT_blend_color GL_EXT_blend_equation_separate GL_EXT_blend_func_separate GL_EXT_blend_minmax GL_EXT_blend_subtract GL_EXT_compiled_vertex_array GL_EXT_Cg_shader GL_EXT_depth_bounds_test GL_EXT_direct_state_access GL_EXT_draw_buffers2 GL_EXT_draw_instanced GL_EXT_draw_range_elements GL_EXT_fog_coord GL_EXT_framebuffer_blit GL_EXT_framebuffer_multisample GL_EXTX_framebuffer_mixed_formats GL_EXT_framebuffer_multisample_blit_scaled GL_EXT_framebuffer_object GL_EXT_framebuffer_sRGB GL_EXT_geometry_shader4 GL_EXT_gpu_program_parameters 
GL_EXT_gpu_shader4 GL_EXT_multi_draw_arrays GL_EXT_multiview_texture_multisample GL_EXT_multiview_timer_query GL_EXT_packed_depth_stencil GL_EXT_packed_float GL_EXT_packed_pixels GL_EXT_pixel_buffer_object GL_EXT_point_parameters GL_EXT_polygon_offset_clamp GL_EXT_post_depth_coverage GL_EXT_provoking_vertex GL_EXT_raster_multisample GL_EXT_rescale_normal GL_EXT_secondary_color GL_EXT_separate_shader_objects GL_EXT_separate_specular_color GL_EXT_shader_image_load_formatted GL_EXT_shader_image_load_store GL_EXT_shader_integer_mix GL_EXT_shadow_funcs GL_EXT_sparse_texture2 GL_EXT_stencil_two_side GL_EXT_stencil_wrap GL_EXT_texture3D GL_EXT_texture_array GL_EXT_texture_buffer_object GL_EXT_texture_compression_dxt1 GL_EXT_texture_compression_latc GL_EXT_texture_compression_rgtc GL_EXT_texture_compression_s3tc GL_EXT_texture_cube_map GL_EXT_texture_edge_clamp GL_EXT_texture_env_combine GL_EXT_texture_env_dot3 GL_EXT_texture_filter_anisotropic GL_EXT_texture_filter_minmax GL_EXT_texture_integer GL_EXT_texture_lod G
L_EXT_texture_lod_bias GL_EXT_texture_mirror_clamp GL_EXT_texture_object GL_EXT_texture_shadow_lod GL_EXT_texture_shared_exponent GL_EXT_texture_sRGB GL_EXT_texture_sRGB_R8 GL_EXT_texture_sRGB_decode GL_EXT_texture_storage GL_EXT_texture_swizzle GL_EXT_timer_query GL_EXT_transform_feedback2 GL_EXT_vertex_array GL_EXT_vertex_array_bgra GL_EXT_vertex_attrib_64bit GL_EXT_window_rectangles GL_EXT_x11_sync_object GL_EXT_import_sync_object GL_NV_robustness_video_memory_purge GL_IBM_rasterpos_clip GL_IBM_texture_mirrored_repeat GL_KHR_context_flush_control GL_KHR_debug GL_EXT_memory_object GL_EXT_memory_object_fd GL_NV_memory_object_sparse GL_KHR_parallel_shader_compile GL_KHR_no_error GL_KHR_robust_buffer_access_behavior GL_KHR_robustness GL_EXT_semaphore GL_EXT_semaphore_fd GL_NV_timeline_semaphore GL_KHR_shader_subgroup GL_KTX_buffer_region GL_NV_alpha_to_coverage_dither_control GL_NV_bindless_multi_draw_indirect GL_NV_bindless_multi_draw_indirect_count GL_NV_bindless_texture GL_NV_blend_equation_advanced GL_NV_
blend_equation_advanced_coherent GL_NVX_blend_equation_advanced_multi_draw_buffers GL_NV_blend_minmax_factor GL_NV_blend_square GL_NV_clip_space_w_scaling GL_NV_command_list GL_NV_compute_program5 GL_NV_compute_shader_derivatives GL_NV_conditional_render GL_NV_conservative_raster GL_NV_conservative_raster_dilate GL_NV_conservative_raster_pre_snap GL_NV_conservative_raster_pre_snap_triangles GL_NV_conservative_raster_underestimation GL_NV_copy_depth_to_color GL_NV_copy_image GL_NV_depth_buffer_float GL_NV_depth_clamp GL_NV_draw_texture GL_NV_draw_vulkan_image GL_NV_ES1_1_compatibility GL_NV_ES3_1_compatibility GL_NV_explicit_multisample GL_NV_feature_query GL_NV_fence GL_NV_fill_rectangle GL_NV_float_buffer GL_NV_fog_distance GL_NV_fragment_coverage_to_color GL_NV_fragment_program GL_NV_fragment_program_option GL_NV_fragment_program2 GL_NV_fragment_shader_barycentric GL_NV_fragment_shader_interlock GL_NV_framebuffer_mixed_samples GL_NV_framebuffer_multisample_coverage GL_NV_geometry_shader4 GL_NV_geometry_sha
der_passthrough GL_NV_gpu_program4 GL_NV_internalformat_sample_query GL_NV_gpu_program4_1 GL_NV_gpu_program5 GL_NV_gpu_program5_mem_extended GL_NV_gpu_program_fp64 GL_NV_gpu_shader5 GL_NV_half_float GL_NV_light_max_exponent GL_NV_memory_attachment GL_NV_mesh_shader GL_NV_multisample_coverage GL_NV_multisample_filter_hint GL_NV_occlusion_query GL_NV_packed_depth_stencil GL_NV_parameter_buffer_object GL_NV_parameter_buffer_object2 GL_NV_path_rendering GL_NV_path_rendering_shared_edge GL_NV_pixel_data_range GL_NV_point_sprite GL_NV_primitive_restart GL_NV_query_resource GL_NV_query_resource_tag GL_NV_register_combiners GL_NV_register_combiners2 GL_NV_representative_fragment_test GL_NV_sample_locations GL_NV_sample_mask_override_coverage GL_NV_scissor_exclusive GL_NV_shader_atomic_counters GL_NV_shader_atomic_float GL_NV_shader_atomic_float64 GL_NV_shader_atomic_fp16_vector GL_NV_shader_atomic_int64 GL_NV_shader_buffer_load GL_NV_shader_storage_buffer_object GL_NV_shader_subgroup_partitioned GL_NV_shader_texture
_footprint GL_NV_shading_rate_image GL_NV_stereo_view_rendering GL_NV_texgen_reflection GL_NV_texture_barrier GL_NV_texture_compression_vtc GL_NV_texture_env_combine4 GL_NV_texture_multisample GL_NV_texture_rectangle GL_NV_texture_rectangle_compressed GL_NV_texture_shader GL_NV_texture_shader2 GL_NV_texture_shader3 GL_NV_transform_feedback GL_NV_transform_feedback2 GL_NV_uniform_buffer_unified_memory GL_NV_uniform_buffer_std430_layout GL_NV_vdpau_interop GL_NV_vdpau_interop2 GL_NV_vertex_array_range GL_NV_vertex_array_range2 GL_NV_vertex_attrib_integer_64bit GL_NV_vertex_buffer_unified_memory GL_NV_vertex_program GL_NV_vertex_program1_1 GL_NV_vertex_program2 GL_NV_vertex_program2_option GL_NV_vertex_program3 GL_NV_viewport_array2 GL_NV_viewport_swizzle GL_NVX_conditional_render GL_NV_gpu_multicast GL_NVX_progress_fence GL_NVX_gpu_memory_info GL_NVX_nvenc_interop GL_NV_shader_thread_group GL_NV_shader_thread_shuffle GL_KHR_blend_equation_advanced GL_KHR_blend_equation_advanced_coherent GL_OVR_multiview GL_OVR
_multiview2 GL_SGIS_generate_mipmap GL_SGIS_texture_lod GL_SGIX_depth_texture GL_SGIX_shadow GL_SUN_slice_accum
OPENGL LOG: Creating OpenGL 4.5 graphics device ; Context level  <OpenGL 4.5> ; Context handle -1384856744
Initialize mono
Mono path[0] = '/home/alumne/Unity/Hub/Editor/6000.2.4f1/Editor/Data/Managed'
Mono path[1] = '/home/alumne/Unity/Hub/Editor/6000.2.4f1/Editor/Data/MonoBleedingEdge/lib/mono/unityjit-linux'
Mono config path = '/home/alumne/Unity/Hub/Editor/6000.2.4f1/Editor/Data/MonoBleedingEdge/etc'
Using monoOptions --debugger-agent=transport=dt_socket,embedding=1,server=y,suspend=n,address=127.0.0.1:56645
Begin MonoManager ReloadAssembly
Registering precompiled unity dll's ...
Register platform support module: /home/alumne/Unity/Hub/Editor/6000.2.4f1/Editor/Data/PlaybackEngines/WebGLSupport/UnityEditor.WebGL.Extensions.dll
Register platform support module: /home/alumne/Unity/Hub/Editor/6000.2.4f1/Editor/Data/PlaybackEngines/LinuxStandaloneSupport/UnityEditor.LinuxStandalone.Extensions.dll
Registered in 0,001339 seconds.
- Loaded All Assemblies, in  0,386 seconds
Native extension for LinuxStandalone target not found
Native extension for WebGL target not found
Mono: successfully reloaded assembly
- Finished resetting the current domain, in  0,488 seconds
Domain Reload Profiling: 874ms
	BeginReloadAssembly (91ms)
		ExecutionOrderSort (0ms)
		DisableScriptedObjects (0ms)
		BackupInstance (0ms)
		ReleaseScriptingObjects (0ms)
		CreateAndSetChildDomain (1ms)
	RebuildCommonClasses (43ms)
	RebuildNativeTypeToScriptingClass (9ms)
	initialDomainReloadingComplete (58ms)
	LoadAllAssembliesAndSetupDomain (186ms)
		LoadAssemblies (91ms)
		RebuildTransferFunctionScriptingTraits (0ms)
		AnalyzeDomain (182ms)
			TypeCache.Refresh (181ms)
				TypeCache.ScanAssembly (166ms)
			BuildScriptInfoCaches (0ms)
			ResolveRequiredComponents (0ms)
	FinalizeReload (488ms)
		ReleaseScriptCaches (0ms)
		RebuildScriptCaches (0ms)
		SetupLoadedEditorAssemblies (431ms)
			LogAssemblyErrors (0ms)
			InitializePlatformSupportModulesInManaged (59ms)
			SetLoadedEditorAssemblies (5ms)
			BeforeProcessingInitializeOnLoad (91ms)
			ProcessInitializeOnLoadAttributes (197ms)
			ProcessInitializeOnLoadMethodAttributes (78ms)
			AfterProcessingInitializeOnLoad (0ms)
			EditorAssembliesLoaded (0ms)
		ExecutionOrderSort2 (0ms)
		AwakeInstancesAfterBackupRestoration (0ms)
========================================================================
Worker process is ready to serve import requests
Import Worker Mode flag is 0x00
Begin MonoManager ReloadAssembly
[Licensing::Client] Successfully resolved entitlement details
[Licensing::Module] License group:
  Id: 6872782475460-UnityPersXXXX
  Product: Unity Personal
  Type: Assigned
  Expiration: Unlimited
- Loaded All Assemblies, in  0,724 seconds
Refreshing native plugins compatible for Editor in 0,32 ms, found 0 plugins.
Native extension for LinuxStandalone target not found
Native extension for WebGL target not found
Package Manager log level set to [2]
[Package Manager] Failed to launch server process. Reason: Unity was launched with the -noUpm command-line argument
[Package Manager] Unable to send message (not connected to server process).
[Package Manager] Cannot connect to Unity Package Manager local server
UpdateMenuTitleForLanguage: 10
[MODES] ModeService[none].Initialize
[MODES] ModeService[none].LoadModes
[MODES] Loading mode Default (0) for mode-current-id-Scape Room
Mono: successfully reloaded assembly
- Finished resetting the current domain, in  0,858 seconds
Domain Reload Profiling: 1580ms
	BeginReloadAssembly (163ms)
		ExecutionOrderSort (0ms)
		DisableScriptedObjects (8ms)
		BackupInstance (0ms)
		ReleaseScriptingObjects (0ms)
		CreateAndSetChildDomain (40ms)
	RebuildCommonClasses (44ms)
	RebuildNativeTypeToScriptingClass (10ms)
	initialDomainReloadingComplete (44ms)
	LoadAllAssembliesAndSetupDomain (461ms)
		LoadAssemblies (265ms)
		RebuildTransferFunctionScriptingTraits (0ms)
		AnalyzeDomain (251ms)
			TypeCache.Refresh (181ms)
				TypeCache.ScanAssembly (166ms)
			BuildScriptInfoCaches (56ms)
			ResolveRequiredComponents (12ms)
	FinalizeReload (859ms)
		ReleaseScriptCaches (0ms)
		RebuildScriptCaches (0ms)
		SetupLoadedEditorAssemblies (641ms)
			LogAssemblyErrors (0ms)
			InitializePlatformSupportModulesInManaged (2ms)
			SetLoadedEditorAssemblies (4ms)
			BeforeProcessingInitializeOnLoad (123ms)
			ProcessInitializeOnLoadAttributes (387ms)
			ProcessInitializeOnLoadMethodAttributes (121ms)
			AfterProcessingInitializeOnLoad (4ms)
			EditorAssembliesLoaded (0ms)
		ExecutionOrderSort2 (0ms)
		AwakeInstancesAfterBackupRestoration (5ms)
AutoLocale: current locale expects 'C' but got 'ca_ES.UTF-8'Launched and connected shader compiler UnityShaderCompiler after 0.01 seconds
Refreshing native plugins compatible for Editor in 0.23 ms, found 0 plugins.
Preloading 0 native plugins for Editor in 0.00 ms.
Unloading 15 Unused Serialized files (Serialized files now loaded: 0)
Unloading 6488 unused Assets / (6.4 MB). Loaded Objects now: 7245.
Memory consumption went from 142.7 MB to 136.2 MB.
Total: 10.851610 ms (FindLiveObjects: 0.453834 ms CreateObjectMapping: 0.514693 ms MarkObjects: 5.979498 ms  DeleteObjects: 3.902728 ms)

========================================================================
Received Import Request.
  Time since last request: 6186.201618 seconds.
  path: Assets/BK_AlchemistHouse/Prefabs/Items/Dishes/ClutterPlate01.prefab
  artifactKey: Guid(a25ba8cacea6a1440a5f8c38ba04c26d) Importer(2089858483,192608db42251d675da83286b1cce702)
Start importing Assets/BK_AlchemistHouse/Prefabs/Items/Dishes/ClutterPlate01.prefab using Guid(a25ba8cacea6a1440a5f8c38ba04c26d) Importer(2089858483,192608db42251d675da83286b1cce702) (ScriptedImporter) -> (artifact id: 'eef2869fa16a5340f5e1934d09c598ba') in 0.27177878 seconds
Number of updated asset objects reloaded before import = 0Number of asset objects unloaded after import = 11

========================================================================
Received Import Request.
  Time since last request: 0.000022 seconds.
  path: Assets/BK_AlchemistHouse/Prefabs/Items/Weapons/Dagger01.prefab
  artifactKey: Guid(84a1aeb93b6c38d47b85d601a50b0263) Importer(2089858483,192608db42251d675da83286b1cce702)
Start importing Assets/BK_AlchemistHouse/Prefabs/Items/Weapons/Dagger01.prefab using Guid(84a1aeb93b6c38d47b85d601a50b0263) Importer(2089858483,192608db42251d675da83286b1cce702) (ScriptedImporter) -> (artifact id: 'e6dfd944cb96ac6dfb929831e2a510cd') in 0.011566223 seconds
Number of updated asset objects reloaded before import = 0Number of asset objects unloaded after import = 10

========================================================================
Received Import Request.
  Time since last request: 0.000026 seconds.
  path: Assets/BK_AlchemistHouse/Prefabs/Items/Lab/LabSetup02.prefab
  artifactKey: Guid(4d1cebdc049362f46a8c7ade7cd87b59) Importer(2089858483,192608db42251d675da83286b1cce702)
Start importing Assets/BK_AlchemistHouse/Prefabs/Items/Lab/LabSetup02.prefab using Guid(4d1cebdc049362f46a8c7ade7cd87b59) Importer(2089858483,192608db42251d675da83286b1cce702) (ScriptedImporter) -> (artifact id: '6f43196ac9515e83d04798114e7a0b8f') in 0.006288852 seconds
Number of updated asset objects reloaded before import = 0Number of asset objects unloaded after import = 86

========================================================================
Received Import Request.
  Time since last request: 0.000014 seconds.
  path: Assets/BK_AlchemistHouse/Textures/Items/Jar/Jar_m.png
  artifactKey: Guid(4acf83895cd5e7e4e82e94f2c6bddd1c) Importer(2089858483,192608db42251d675da83286b1cce702)
Start importing Assets/BK_AlchemistHouse/Textures/Items/Jar/Jar_m.png using Guid(4acf83895cd5e7e4e82e94f2c6bddd1c) Importer(2089858483,192608db42251d675da83286b1cce702) (ScriptedImporter) -> (artifact id: '103fa8d8cacd6f203bf6cae50886e896') in 0.057837738 seconds
Number of updated asset objects reloaded before import = 0Number of asset objects unloaded after import = 1

========================================================================
Received Import Request.
  Time since last request: 0.000014 seconds.
  path: Assets/BK_AlchemistHouse/Textures/Furniture/Materials/Globe.mat
  artifactKey: Guid(1ba00da92734fb7459e87c2664220af6) Importer(2089858483,192608db42251d675da83286b1cce702)
Start importing Assets/BK_AlchemistHouse/Textures/Furniture/Materials/Globe.mat using Guid(1ba00da92734fb7459e87c2664220af6) Importer(2089858483,192608db42251d675da83286b1cce702) (ScriptedImporter) -> (artifact id: 'd4d64fa1d66c014bf24d4605240c2041') in 0.030078832 seconds
Number of updated asset objects reloaded before import = 0Number of asset objects unloaded after import = 4

========================================================================
Received Import Request.
  Time since last request: 0.000016 seconds.
  path: Assets/BK_AlchemistHouse/Prefabs/Items/Organic/JarBaby03.prefab
  artifactKey: Guid(bf5d8fd53463f4842a6b6d4131b52f5f) Importer(2089858483,192608db42251d675da83286b1cce702)
Start importing Assets/BK_AlchemistHouse/Prefabs/Items/Organic/JarBaby03.prefab using Guid(bf5d8fd53463f4842a6b6d4131b52f5f) Importer(2089858483,192608db42251d675da83286b1cce702) (ScriptedImporter) -> (artifact id: 'f939abfb432041cc4abe12e171bbb512') in 0.004802906 seconds
Number of updated asset objects reloaded before import = 0Number of asset objects unloaded after import = 28

========================================================================
Received Import Request.
  Time since last request: 0.000015 seconds.
  path: Assets/BK_AlchemistHouse/Textures/Items/Flasks/Flask02_n.png
  artifactKey: Guid(13bf3618ff7027b48b9fb8ed7652faa4) Importer(2089858483,192608db42251d675da83286b1cce702)
Start importing Assets/BK_AlchemistHouse/Textures/Items/Flasks/Flask02_n.png using Guid(13bf3618ff7027b48b9fb8ed7652faa4) Importer(2089858483,192608db42251d675da83286b1cce702) (ScriptedImporter) -> (artifact id: '772f583f5f62fdce1e3863777517ddc2') in 0.00911152 seconds
Number of updated asset objects reloaded before import = 0Number of asset objects unloaded after import = 1

========================================================================
Received Import Request.
  Time since last request: 0.111834 seconds.
  path: Assets/BK_AlchemistHouse/Textures/Items/Lights/Oillamp01.png
  artifactKey: Guid(b53782f0b30aff14692b670b169967dd) Importer(2089858483,192608db42251d675da83286b1cce702)
Start importing Assets/BK_AlchemistHouse/Textures/Items/Lights/Oillamp01.png using Guid(b53782f0b30aff14692b670b169967dd) Importer(2089858483,192608db42251d675da83286b1cce702) (ScriptedImporter) -> (artifact id: '98084584129edb6bbd9ee27ebbb36cff') in 0.014568718 seconds
Number of updated asset objects reloaded before import = 0Number of asset objects unloaded after import = 1

========================================================================
Received Import Request.
  Time since last request: 0.000014 seconds.
  path: Assets/Decimate/Grid Master/URP/Materials/GM-Grid-23-URP.mat
  artifactKey: Guid(9b06dfec47fea4be094334831fdf9338) Importer(2089858483,192608db42251d675da83286b1cce702)
Start importing Assets/Decimate/Grid Master/URP/Materials/GM-Grid-23-URP.mat using Guid(9b06dfec47fea4be094334831fdf9338) Importer(2089858483,192608db42251d675da83286b1cce702) (ScriptedImporter) -> (artifact id: 'bdaf163299861cf0ba934c54dd525805') in 0.007167427 seconds
Number of updated asset objects reloaded before import = 0Number of asset objects unloaded after import = 1

========================================================================
Received Import Request.
  Time since last request: 0.000015 seconds.
  path: Assets/BK_AlchemistHouse/Textures/Items/Organic/Brain_m.png
  artifactKey: Guid(37b47bc56356aca42a611bba6935a126) Importer(2089858483,192608db42251d675da83286b1cce702)
Start importing Assets/BK_AlchemistHouse/Textures/Items/Organic/Brain_m.png using Guid(37b47bc56356aca42a611bba6935a126) Importer(2089858483,192608db42251d675da83286b1cce702) (ScriptedImporter) -> (artifact id: '858b8ebe67731ff0dc946912985bf7ea') in 0.010805939 seconds
Number of updated asset objects reloaded before import = 0Number of asset objects unloaded after import = 1

========================================================================
Received Import Request.
  Time since last request: 0.000019 seconds.
  path: Assets/BK_AlchemistHouse/Textures/Surfaces/Materials/StoneFloor01_o.mat
  artifactKey: Guid(7478cfea57f6caa5c80c0e9b9cdbe613) Importer(2089858483,192608db42251d675da83286b1cce702)
Start importing Assets/BK_AlchemistHouse/Textures/Surfaces/Materials/StoneFloor01_o.mat using Guid(7478cfea57f6caa5c80c0e9b9cdbe613) Importer(2089858483,192608db42251d675da83286b1cce702) (ScriptedImporter) -> (artifact id: 'fc583677721daa22af3c669b73932bbb') in 0.005467006 seconds
Number of updated asset objects reloaded before import = 0Number of asset objects unloaded after import = 2

========================================================================
Received Import Request.
  Time since last request: 0.000022 seconds.
  path: Assets/BK_AlchemistHouse/Textures/Surfaces/Materials/Wicker.mat
  artifactKey: Guid(06127da1c477d2d418e07715b914e57f) Importer(2089858483,192608db42251d675da83286b1cce702)
Start importing Assets/BK_AlchemistHouse/Textures/Surfaces/Materials/Wicker.mat using Guid(06127da1c477d2d418e07715b914e57f) Importer(2089858483,192608db42251d675da83286b1cce702) (ScriptedImporter) -> (artifact id: '4ff8065ab042e486beaf1986fb4a7bc7') in 0.004083758 seconds
Number of updated asset objects reloaded before import = 0Number of asset objects unloaded after import = 5

========================================================================
Received Import Request.
  Time since last request: 0.000015 seconds.
  path: Assets/Phoenix3D/Textures/Outdoor_Wall_T07/Materials/Outdoor_Wall_T07_Ambient_occlusion.mat
  artifactKey: Guid(a76d7712072f5c5dba5c1231feb54eb2) Importer(2089858483,192608db42251d675da83286b1cce702)
Start importing Assets/Phoenix3D/Textures/Outdoor_Wall_T07/Materials/Outdoor_Wall_T07_Ambient_occlusion.mat using Guid(a76d7712072f5c5dba5c1231feb54eb2) Importer(2089858483,192608db42251d675da83286b1cce702) (ScriptedImporter) -> (artifact id: '1500c0c17b3d37f5e90bc23c23019b08') in 0.003179411 seconds
Number of updated asset objects reloaded before import = 0Number of asset objects unloaded after import = 2

========================================================================
Received Import Request.
  Time since last request: 0.000018 seconds.
  path: Assets/BK_AlchemistHouse/Textures/Surfaces/Materials/WindowGlass01_s.mat
  artifactKey: Guid(638cbf1feb1c64acf96f902c7530028d) Importer(2089858483,192608db42251d675da83286b1cce702)
Start importing Assets/BK_AlchemistHouse/Textures/Surfaces/Materials/WindowGlass01_s.mat using Guid(638cbf1feb1c64acf96f902c7530028d) Importer(2089858483,192608db42251d675da83286b1cce702) (ScriptedImporter) -> (artifact id: 'd4ae1783564c29631565bf969c9d1b3d') in 0.003798255 seconds
Number of updated asset objects reloaded before import = 0Number of asset objects unloaded after import = 2

========================================================================
Received Import Request.
  Time since last request: 0.000016 seconds.
  path: Assets/BK_AlchemistHouse/Textures/Surfaces/Materials/TileFloor2.mat
  artifactKey: Guid(c0b146bf82179ea5dbd60405461ca5c9) Importer(2089858483,192608db42251d675da83286b1cce702)
Start importing Assets/BK_AlchemistHouse/Textures/Surfaces/Materials/TileFloor2.mat using Guid(c0b146bf82179ea5dbd60405461ca5c9) Importer(2089858483,192608db42251d675da83286b1cce702) (ScriptedImporter) -> (artifact id: '6a11fb4c216e110971bcc5c8fa4827cc') in 0.004128122 seconds
Number of updated asset objects reloaded before import = 0Number of asset objects unloaded after import = 2

========================================================================
Received Import Request.
  Time since last request: 0.000018 seconds.
  path: Assets/BK_AlchemistHouse/Textures/Items/BottlesStickers/Materials/BottleSticker05.mat
  artifactKey: Guid(522bfebd516752740a65e8bf98e4c2be) Importer(2089858483,192608db42251d675da83286b1cce702)
Start importing Assets/BK_AlchemistHouse/Textures/Items/BottlesStickers/Materials/BottleSticker05.mat using Guid(522bfebd516752740a65e8bf98e4c2be) Importer(2089858483,192608db42251d675da83286b1cce702) (ScriptedImporter) -> (artifact id: '721eda87db97b85d849ba7da23e50aeb') in 0.005393633 seconds
Number of updated asset objects reloaded before import = 0Number of asset objects unloaded after import = 2

========================================================================
Received Import Request.
  Time since last request: 0.000015 seconds.
  path: Assets/BK_AlchemistHouse/Textures/Surfaces/Materials/DustFloor 1.mat
  artifactKey: Guid(c9e842a30dab63bfe976ad50aaf5efc1) Importer(2089858483,192608db42251d675da83286b1cce702)
Start importing Assets/BK_AlchemistHouse/Textures/Surfaces/Materials/DustFloor 1.mat using Guid(c9e842a30dab63bfe976ad50aaf5efc1) Importer(2089858483,192608db42251d675da83286b1cce702) (ScriptedImporter) -> (artifact id: 'c26895ef365d53bf57c96f502c3450b3') in 0.006386958 seconds
Number of updated asset objects reloaded before import = 0Number of asset objects unloaded after import = 2

========================================================================
Received Import Request.
  Time since last request: 0.000014 seconds.
  path: Assets/Room/textures/table/Materials/wood the tabel and chaer_Roughness 1.mat
  artifactKey: Guid(1eb5f3e26de8e14be90798d1c090dcc9) Importer(2089858483,192608db42251d675da83286b1cce702)
Start importing Assets/Room/textures/table/Materials/wood the tabel and chaer_Roughness 1.mat using Guid(1eb5f3e26de8e14be90798d1c090dcc9) Importer(2089858483,192608db42251d675da83286b1cce702) (ScriptedImporter) -> (artifact id: '756778c3bd5659ce2d93420005fb4a40') in 0.004831812 seconds
Number of updated asset objects reloaded before import = 0Number of asset objects unloaded after import = 2

========================================================================
Received Import Request.
  Time since last request: 0.000014 seconds.
  path: Assets/BK_AlchemistHouse/Textures/Items/BottlesStickers/Materials/BottleSticker04.mat
  artifactKey: Guid(14171a1a4455e6844b2832300a256f1b) Importer(2089858483,192608db42251d675da83286b1cce702)
Start importing Assets/BK_AlchemistHouse/Textures/Items/BottlesStickers/Materials/BottleSticker04.mat using Guid(14171a1a4455e6844b2832300a256f1b) Importer(2089858483,192608db42251d675da83286b1cce702) (ScriptedImporter) -> (artifact id: 'c9db910055acd64ec21d633b326621ed') in 0.003435405 seconds
Number of updated asset objects reloaded before import = 0Number of asset objects unloaded after import = 3

========================================================================
Received Import Request.
  Time since last request: 0.000013 seconds.
  path: Assets/Room/textures/floor/4K/marble_1_height.png
  artifactKey: Guid(515611624ea29714fb9309dab82827d5) Importer(2089858483,192608db42251d675da83286b1cce702)
Start importing Assets/Room/textures/floor/4K/marble_1_height.png using Guid(515611624ea29714fb9309dab82827d5) Importer(2089858483,192608db42251d675da83286b1cce702) (ScriptedImporter) -> (artifact id: 'a0d30cd4d5a19265f1b45eee4a6bd99c') in 0.008295934 seconds
Number of updated asset objects reloaded before import = 0Number of asset objects unloaded after import = 1

========================================================================
Received Import Request.
  Time since last request: 0.000011 seconds.
  path: Assets/BK_AlchemistHouse/Textures/Surfaces/Materials/WoodRough5.mat
  artifactKey: Guid(dabab909dcabc55248eaf1fdcbbdeb59) Importer(2089858483,192608db42251d675da83286b1cce702)
Start importing Assets/BK_AlchemistHouse/Textures/Surfaces/Materials/WoodRough5.mat using Guid(dabab909dcabc55248eaf1fdcbbdeb59) Importer(2089858483,192608db42251d675da83286b1cce702) (ScriptedImporter) -> (artifact id: '2984873250f38d81b0832d18c9087196') in 0.002744643 seconds
Number of updated asset objects reloaded before import = 0Number of asset objects unloaded after import = 1

========================================================================
Received Import Request.
  Time since last request: 0.000014 seconds.
  path: Assets/BK_AlchemistHouse/Textures/Items/Misc/paintings03_n.png
  artifactKey: Guid(fdc2fc5b3b9c2604499c75f84bd9f3fd) Importer(2089858483,192608db42251d675da83286b1cce702)
Start importing Assets/BK_AlchemistHouse/Textures/Items/Misc/paintings03_n.png using Guid(fdc2fc5b3b9c2604499c75f84bd9f3fd) Importer(2089858483,192608db42251d675da83286b1cce702) (ScriptedImporter) -> (artifact id: '6e44cca685c8d2e790b28eeeda742c2c') in 0.008731257 seconds
Number of updated asset objects reloaded before import = 0Number of asset objects unloaded after import = 1

========================================================================
Received Import Request.
  Time since last request: 0.000028 seconds.
  path: Assets/BK_AlchemistHouse/Textures/Items/Books/Materials/Book09c.mat
  artifactKey: Guid(d7f69fbf6bb90c84990039965c72f755) Importer(2089858483,192608db42251d675da83286b1cce702)
Start importing Assets/BK_AlchemistHouse/Textures/Items/Books/Materials/Book09c.mat using Guid(d7f69fbf6bb90c84990039965c72f755) Importer(2089858483,192608db42251d675da83286b1cce702) (ScriptedImporter) -> (artifact id: '45c6a3f331a3c8435f750342b08a8526') in 0.005903489 seconds
Number of updated asset objects reloaded before import = 0Number of asset objects unloaded after import = 4

========================================================================
Received Import Request.
  Time since last request: 0.000013 seconds.
  path: Assets/Decimate/Grid Master/URP/Materials/GM-Grid-09-URP.mat
  artifactKey: Guid(20d8928fccf864023881243248608e1f) Importer(2089858483,192608db42251d675da83286b1cce702)
Start importing Assets/Decimate/Grid Master/URP/Materials/GM-Grid-09-URP.mat using Guid(20d8928fccf864023881243248608e1f) Importer(2089858483,192608db42251d675da83286b1cce702) (ScriptedImporter) -> (artifact id: '2bec5a088a0db774ef7298f99a0af04a') in 0.003837544 seconds
Number of updated asset objects reloaded before import = 0Number of asset objects unloaded after import = 1

========================================================================
Received Import Request.
  Time since last request: 0.000016 seconds.
  path: Assets/Decimate/Grid Master/URP/Prefabs/GM-Base-URP.prefab
  artifactKey: Guid(af4397b7afee343e8990a31d620cc57a) Importer(2089858483,192608db42251d675da83286b1cce702)
Start importing Assets/Decimate/Grid Master/URP/Prefabs/GM-Base-URP.prefab using Guid(af4397b7afee343e8990a31d620cc57a) Importer(2089858483,192608db42251d675da83286b1cce702) (ScriptedImporter) -> (artifact id: '377cb76c703dd658d9cd4e7648758444') in 0.017366607 seconds
Number of updated asset objects reloaded before import = 0Number of asset objects unloaded after import = 16

========================================================================
Received Import Request.
  Time since last request: 0.000017 seconds.
  path: Assets/Room/textures/wall/Materials/brick_uneven_stones_basecolor 1.mat
  artifactKey: Guid(f49528d2d5b677b3e8b9bc191514ed6d) Importer(2089858483,192608db42251d675da83286b1cce702)
Start importing Assets/Room/textures/wall/Materials/brick_uneven_stones_basecolor 1.mat using Guid(f49528d2d5b677b3e8b9bc191514ed6d) Importer(2089858483,192608db42251d675da83286b1cce702) (ScriptedImporter) -> (artifact id: 'ad64bfe250c8028fe9cc7610951ce8e5') in 0.005822045 seconds
Number of updated asset objects reloaded before import = 0Number of asset objects unloaded after import = 2

========================================================================
Received Import Request.
  Time since last request: 0.000018 seconds.
  path: Assets/BK_AlchemistHouse/Textures/Surfaces/Materials/PlasterBare02w 1.mat
  artifactKey: Guid(b551375098c31ba64bc473c1fc2c3932) Importer(2089858483,192608db42251d675da83286b1cce702)
Start importing Assets/BK_AlchemistHouse/Textures/Surfaces/Materials/PlasterBare02w 1.mat using Guid(b551375098c31ba64bc473c1fc2c3932) Importer(2089858483,192608db42251d675da83286b1cce702) (ScriptedImporter) -> (artifact id: '97cab06dbfeb1ffd3de53a0312650c83') in 0.006498706 seconds
Number of updated asset objects reloaded before import = 0Number of asset objects unloaded after import = 2

========================================================================
Received Import Request.
  Time since last request: 0.000015 seconds.
  path: Assets/BK_AlchemistHouse/Textures/Surfaces/Materials/PlasterBare02.mat
  artifactKey: Guid(f82d93d93555dbd4eb6e5429b8ed9df4) Importer(2089858483,192608db42251d675da83286b1cce702)
Start importing Assets/BK_AlchemistHouse/Textures/Surfaces/Materials/PlasterBare02.mat using Guid(f82d93d93555dbd4eb6e5429b8ed9df4) Importer(2089858483,192608db42251d675da83286b1cce702) (ScriptedImporter) -> (artifact id: 'e93dcee4600fb0f049ddcf959dafd378') in 0.016152309 seconds
Number of updated asset objects reloaded before import = 0Number of asset objects unloaded after import = 4

========================================================================
Received Import Request.
  Time since last request: 0.000022 seconds.
  path: Assets/BK_AlchemistHouse/Textures/Surfaces/Materials/Blackboard.mat
  artifactKey: Guid(4cf0fa5bb9003da4da57a64ce103ccd2) Importer(2089858483,192608db42251d675da83286b1cce702)
Start importing Assets/BK_AlchemistHouse/Textures/Surfaces/Materials/Blackboard.mat using Guid(4cf0fa5bb9003da4da57a64ce103ccd2) Importer(2089858483,192608db42251d675da83286b1cce702) (ScriptedImporter) -> (artifact id: '1483c1db3e49edc2107c0d518935f0ba') in 0.011942731 seconds
Number of updated asset objects reloaded before import = 0Number of asset objects unloaded after import = 4

========================================================================
Received Import Request.
  Time since last request: 0.000027 seconds.
  path: Assets/BK_AlchemistHouse/Textures/Particles/Materials/Smoke 1.mat
  artifactKey: Guid(4d5a803a5fb0a5c509f3131f660e957b) Importer(2089858483,192608db42251d675da83286b1cce702)
Start importing Assets/BK_AlchemistHouse/Textures/Particles/Materials/Smoke 1.mat using Guid(4d5a803a5fb0a5c509f3131f660e957b) Importer(2089858483,192608db42251d675da83286b1cce702) (ScriptedImporter) -> (artifact id: '523a3d98b65ad70e06a1978720b9f396') in 0.004719749 seconds
Number of updated asset objects reloaded before import = 0Number of asset objects unloaded after import = 2

========================================================================
Received Import Request.
  Time since last request: 0.000017 seconds.
  path: Assets/BK_AlchemistHouse/Textures/Items/Organic/Materials/Apple_01_diffuse.mat
  artifactKey: Guid(51be72de19dec5c418ad36147ead3ba0) Importer(2089858483,192608db42251d675da83286b1cce702)
Start importing Assets/BK_AlchemistHouse/Textures/Items/Organic/Materials/Apple_01_diffuse.mat using Guid(51be72de19dec5c418ad36147ead3ba0) Importer(2089858483,192608db42251d675da83286b1cce702) (ScriptedImporter) -> (artifact id: '50c4e503eb932fde132542c03dc65214') in 0.016233882 seconds
Number of updated asset objects reloaded before import = 0Number of asset objects unloaded after import = 5

========================================================================
Received Import Request.
  Time since last request: 0.000017 seconds.
  path: Assets/BK_AlchemistHouse/Textures/Items/Misc/Materials/painting1.mat
  artifactKey: Guid(3fdabb86e84a35541ac58487a54b9d5e) Importer(2089858483,192608db42251d675da83286b1cce702)
Start importing Assets/BK_AlchemistHouse/Textures/Items/Misc/Materials/painting1.mat using Guid(3fdabb86e84a35541ac58487a54b9d5e) Importer(2089858483,192608db42251d675da83286b1cce702) (ScriptedImporter) -> (artifact id: 'a44b2fb6e64bd90613b4ee5daae505a4') in 0.00599819 seconds
Number of updated asset objects reloaded before import = 0Number of asset objects unloaded after import = 4

========================================================================
Received Import Request.
  Time since last request: 0.000017 seconds.
  path: Assets/BK_AlchemistHouse/Textures/Items/Misc/Materials/painting01.mat
  artifactKey: Guid(3d90d693afcdc2048816aed13167a1b2) Importer(2089858483,192608db42251d675da83286b1cce702)
Start importing Assets/BK_AlchemistHouse/Textures/Items/Misc/Materials/painting01.mat using Guid(3d90d693afcdc2048816aed13167a1b2) Importer(2089858483,192608db42251d675da83286b1cce702) (ScriptedImporter) -> (artifact id: '9c42d9f171c7c56822b43635fe97f296') in 0.006448247 seconds
Number of updated asset objects reloaded before import = 0Number of asset objects unloaded after import = 4

========================================================================
Received Import Request.
  Time since last request: 0.000013 seconds.
  path: Assets/BK_AlchemistHouse/Textures/Surfaces/Materials/WoodOrn2.mat
  artifactKey: Guid(a9f42a09e1495c85c8cd2aa46420608e) Importer(2089858483,192608db42251d675da83286b1cce702)
Start importing Assets/BK_AlchemistHouse/Textures/Surfaces/Materials/WoodOrn2.mat using Guid(a9f42a09e1495c85c8cd2aa46420608e) Importer(2089858483,192608db42251d675da83286b1cce702) (ScriptedImporter) -> (artifact id: '50ce036d08a63dee224efbbdf3326d69') in 0.003958005 seconds
Number of updated asset objects reloaded before import = 0Number of asset objects unloaded after import = 2

========================================================================
Received Import Request.
  Time since last request: 0.000015 seconds.
  path: Assets/BK_AlchemistHouse/Textures/Items/Books/Materials/Book13.mat
  artifactKey: Guid(b28ce2bfb9d98f2448bc043d1715c3ba) Importer(2089858483,192608db42251d675da83286b1cce702)
Start importing Assets/BK_AlchemistHouse/Textures/Items/Books/Materials/Book13.mat using Guid(b28ce2bfb9d98f2448bc043d1715c3ba) Importer(2089858483,192608db42251d675da83286b1cce702) (ScriptedImporter) -> (artifact id: '41c6eabc8945df4d47e37eb2b3e61638') in 0.004908234 seconds
Number of updated asset objects reloaded before import = 0Number of asset objects unloaded after import = 4

========================================================================
Received Import Request.
  Time since last request: 0.000016 seconds.
  path: Assets/BK_AlchemistHouse/Textures/Surfaces/Materials/PlasterBare05.mat
  artifactKey: Guid(cf7def0978afb36448a31c1401bc53a2) Importer(2089858483,192608db42251d675da83286b1cce702)
Start importing Assets/BK_AlchemistHouse/Textures/Surfaces/Materials/PlasterBare05.mat using Guid(cf7def0978afb36448a31c1401bc53a2) Importer(2089858483,192608db42251d675da83286b1cce702) (ScriptedImporter) -> (artifact id: 'af92cf1bb4109f477951f056043561ab') in 0.017289047 seconds
Number of updated asset objects reloaded before import = 0Number of asset objects unloaded after import = 5

========================================================================
Received Import Request.
  Time since last request: 0.000012 seconds.
  path: Assets/BK_AlchemistHouse/Textures/Items/Books/Materials/Book06c.mat
  artifactKey: Guid(f605af109aa52b84ea0d158b1142d7fd) Importer(2089858483,192608db42251d675da83286b1cce702)
Start importing Assets/BK_AlchemistHouse/Textures/Items/Books/Materials/Book06c.mat using Guid(f605af109aa52b84ea0d158b1142d7fd) Importer(2089858483,192608db42251d675da83286b1cce702) (ScriptedImporter) -> (artifact id: '3e63b2f2922f3b702e9820d8310d83e9') in 0.004384211 seconds
Number of updated asset objects reloaded before import = 0Number of asset objects unloaded after import = 4

Editor requested this worker to shutdown with reason: balancing worker count downwards
AssetImportWorker is now disconnected from the server
Process exiting

SDL leaked 2 allocations
