Unity Editor version:    6000.2.4f1 (17550c9bb584)
Branch:                  6000.2/staging
Build type:              Release
Batch mode:              YES
System name:             Linux
Distro version:          #79~22.04.1-Ubuntu SMP PREEMPT_DYNAMIC Fri Aug 15 16:54:53 UTC 2
Kernel version:          6.8.0-79-generic
Architecture:            x86_64
Available memory:        31805 MB
Date:                    2025-10-30T08:14:55Z
[Licensing::Module] Trying to connect to existing licensing client channel...
[Licensing::IpcConnector] Successfully connected to: "LicenseClient-alumne" at "2025-10-30T08:14:55.899826Z"
[SignatureVerifier] Application signature verification not supported on this platform.
[Licensing::Client] Error: HandshakeResponse reported an error:
	ResponseCode: 505
	ResponseStatus: Unsupported protocol version '1.17.2'.
[Licensing::Module] Error: Failed to handshake to channel: "LicenseClient-alumne"
[Licensing::IpcConnector] LicenseClient-alumne channel disconnected successfully.
[Licensing::IpcConnector] Successfully connected to: "LicenseClient-alumne-6000.2.4" at "2025-10-30T08:14:55.901279Z"
[SignatureVerifier] Application signature verification not supported on this platform.
[Licensing::Client] Handshaking with LicensingClient:
  Version:                 1.17.2+ff71f16
  Session Id:              6dc2a6e22a08452bacfba11ffc06ceee
  Correlation Id:          f0bed81822a17abae916970b104b23d8
  External correlation Id: 3439715532044769277
  Machine Id:              PBfslzCGj3XDXh96AHqdGvRuB7g=
[Licensing::Module] Successfully connected to LicensingClient on channel: "LicenseClient-alumne-6000.2.4" (connect: 0.00s, validation: 0.00s, handshake: 0.00s)
[Licensing::IpcConnector] Successfully connected to: "LicenseClient-alumne-6000.2.4-notifications" at "2025-10-30T08:14:55.90199Z"
[Licensing::Module] Licensing Background thread has ended after 0.00s
Selected window backend: (null) 
Desktop is 1920 x 1080 @ 60 Hz
Initialize udev device monitor.

COMMAND LINE ARGUMENTS:
Unity
-adb2
-batchMode
-noUpm
-name
AssetImportWorker12
-projectPath
/home/alumne/Scape_Room
-logFile
Logs/AssetImportWorker12.log
-srvPort
35507
-licensingIpc
LicenseClient-alumne
-job-worker-count
9
-background-job-worker-count
8
-gc-helper-count
1
Successfully changed project path to: /home/alumne/Scape_Room

(Unity:8968): Gtk-CRITICAL **: 09:14:56.153: gtk_label_set_text: assertion 'GTK_IS_LABEL (label)' failed

(Unity:8968): Gtk-CRITICAL **: 09:14:56.156: gtk_label_set_text: assertion 'GTK_IS_LABEL (label)' failed
/home/alumne/Scape_Room
[UnityMemory] Configuration Parameters - Can be set up in boot.config
    "memorysetup-allocator-temp-initial-block-size-main=262144"
    "memorysetup-allocator-temp-initial-block-size-worker=262144"
    "memorysetup-bucket-allocator-granularity=16"
    "memorysetup-bucket-allocator-bucket-count=8"
    "memorysetup-bucket-allocator-block-size=33554432"
    "memorysetup-bucket-allocator-block-count=8"
    "memorysetup-main-allocator-block-size=16777216"
    "memorysetup-thread-allocator-block-size=16777216"
    "memorysetup-gfx-main-allocator-block-size=16777216"
    "memorysetup-gfx-thread-allocator-block-size=16777216"
    "memorysetup-cache-allocator-block-size=4194304"
    "memorysetup-typetree-allocator-block-size=2097152"
    "memorysetup-profiler-bucket-allocator-granularity=16"
    "memorysetup-profiler-bucket-allocator-bucket-count=8"
    "memorysetup-profiler-bucket-allocator-block-size=33554432"
    "memorysetup-profiler-bucket-allocator-block-count=8"
    "memorysetup-profiler-allocator-block-size=16777216"
    "memorysetup-profiler-editor-allocator-block-size=1048576"
    "memorysetup-temp-allocator-size-main=16777216"
    "memorysetup-job-temp-allocator-block-size=2097152"
    "memorysetup-job-temp-allocator-block-size-background=1048576"
    "memorysetup-job-temp-allocator-reduction-small-platforms=262144"
    "memorysetup-temp-allocator-size-background-worker=32768"
    "memorysetup-temp-allocator-size-job-worker=262144"
    "memorysetup-temp-allocator-size-preload-manager=33554432"
    "memorysetup-temp-allocator-size-nav-mesh-worker=65536"
    "memorysetup-temp-allocator-size-audio-worker=65536"
    "memorysetup-temp-allocator-size-cloud-worker=32768"
    "memorysetup-temp-allocator-size-gi-baking-worker=262144"
    "memorysetup-temp-allocator-size-gi-baking-worker=262144"
    "memorysetup-temp-allocator-size-gi-baking-worker=262144"
    "memorysetup-temp-allocator-size-gi-baking-worker=262144"
    "memorysetup-temp-allocator-size-gi-baking-worker=262144"
    "memorysetup-temp-allocator-size-gfx=262144"
Player connection [124128586644224]  Target information:

Player connection [124128586644224]  * "[IP] 192.168.96.79 [Port] 0 [Flags] 2 [Guid] 2013077174 [EditorId] 2013077174 [Version] 1048832 [Id] LinuxEditor(16,192.168.96.79) [Debug] 1 [PackageName] LinuxEditor [ProjectName] Editor" 

Player connection [124128586644224]  * "[IP] 192.168.122.1 [Port] 0 [Flags] 2 [Guid] 2013077174 [EditorId] 2013077174 [Version] 1048832 [Id] LinuxEditor(16,192.168.96.79) [Debug] 1 [PackageName] LinuxEditor [ProjectName] Editor" 

Player connection [124128586644224] Host joined multi-casting on [225.0.0.222:54997]...
Player connection [124128586644224] Host joined alternative multi-casting on [225.0.0.222:34997]...
JobSystem: Creating JobQueue using job-worker-count value 9
Input System module state changed to: Initialized.
[Physics::Module] Initialized fallback backend.
[Physics::Module] Id: 0xdecafbad
Library Redirect Path: Library/
[Physics::Module] Selected backend.
[Physics::Module] Name: PhysX
[Physics::Module] Id: 0xf2b8ea05
[Physics::Module] SDK Version: 4.1.2
[Physics::Module] Integration Version: 1.0.0
[Physics::Module] Threading Mode: Multi-Threaded
Refreshing native plugins compatible for Editor in 0,74 ms, found 0 plugins.
Preloading 0 native plugins for Editor in 0,00 ms.
Initialize engine version: 6000.2.4f1 (17550c9bb584)
[Subsystems] Discovering subsystems at path /home/alumne/Unity/Hub/Editor/6000.2.4f1/Editor/Data/Resources/UnitySubsystems
[Subsystems] Discovering subsystems at path /home/alumne/Scape_Room/Assets
kGfxThreadingModeNonThreaded is not supported on OpenGL Core. Reverting to kGfxThreadingModeDirect instead.
GfxDevice: creating device client; kGfxThreadingModeDirect
GLX Extensions: GLX_ARB_get_proc_address GLX_ARB_multisample GLX_EXT_visual_info GLX_EXT_visual_rating GLX_EXT_import_context GLX_SGI_video_sync GLX_SGIX_fbconfig GLX_SGIX_pbuffer GLX_SGI_swap_control GLX_EXT_swap_control GLX_EXT_swap_control_tear GLX_EXT_buffer_age GLX_ARB_create_context GLX_ARB_create_context_profile GLX_NV_float_buffer GLX_ARB_fbconfig_float GLX_EXT_texture_from_pixmap GLX_EXT_framebuffer_sRGB GLX_NV_copy_image GLX_EXT_create_context_es_profile GLX_EXT_create_context_es2_profile GLX_ARB_create_context_no_error GLX_ARB_create_context_robustness GLX_NV_delay_before_swap GLX_EXT_stereo_tree GLX_ARB_context_flush_control GLX_NV_robustness_video_memory_purge GLX_NV_multigpu_context 
Renderer: NVIDIA GeForce GTX 1660 SUPER/PCIe/SSE2
Vendor:   NVIDIA Corporation
Version:  4.5.0 NVIDIA 535.247.01
GLES:     0
 GL_AMD_multi_draw_indirect GL_AMD_seamless_cubemap_per_texture GL_AMD_vertex_shader_viewport_index GL_AMD_vertex_shader_layer GL_ARB_arrays_of_arrays GL_ARB_base_instance GL_ARB_bindless_texture GL_ARB_blend_func_extended GL_ARB_buffer_storage GL_ARB_clear_buffer_object GL_ARB_clear_texture GL_ARB_clip_control GL_ARB_color_buffer_float GL_ARB_compressed_texture_pixel_storage GL_ARB_conservative_depth GL_ARB_compute_shader GL_ARB_compute_variable_group_size GL_ARB_conditional_render_inverted GL_ARB_copy_buffer GL_ARB_copy_image GL_ARB_cull_distance GL_ARB_debug_output GL_ARB_depth_buffer_float GL_ARB_depth_clamp GL_ARB_depth_texture GL_ARB_derivative_control GL_ARB_direct_state_access GL_ARB_draw_buffers GL_ARB_draw_buffers_blend GL_ARB_draw_indirect GL_ARB_draw_elements_base_vertex GL_ARB_draw_instanced GL_ARB_enhanced_layouts GL_ARB_ES2_compatibility GL_ARB_ES3_compatibility GL_ARB_ES3_1_compatibility GL_ARB_ES3_2_compatibility GL_ARB_explicit_attrib_location GL_ARB_explicit_uniform_location GL_ARB_fragmen
t_coord_conventions GL_ARB_fragment_layer_viewport GL_ARB_fragment_program GL_ARB_fragment_program_shadow GL_ARB_fragment_shader GL_ARB_fragment_shader_interlock GL_ARB_framebuffer_no_attachments GL_ARB_framebuffer_object GL_ARB_framebuffer_sRGB GL_ARB_geometry_shader4 GL_ARB_get_program_binary GL_ARB_get_texture_sub_image GL_ARB_gl_spirv GL_ARB_gpu_shader5 GL_ARB_gpu_shader_fp64 GL_ARB_gpu_shader_int64 GL_ARB_half_float_pixel GL_ARB_half_float_vertex GL_ARB_imaging GL_ARB_indirect_parameters GL_ARB_instanced_arrays GL_ARB_internalformat_query GL_ARB_internalformat_query2 GL_ARB_invalidate_subdata GL_ARB_map_buffer_alignment GL_ARB_map_buffer_range GL_ARB_multi_bind GL_ARB_multi_draw_indirect GL_ARB_multisample GL_ARB_multitexture GL_ARB_occlusion_query GL_ARB_occlusion_query2 GL_ARB_parallel_shader_compile GL_ARB_pipeline_statistics_query GL_ARB_pixel_buffer_object GL_ARB_point_parameters GL_ARB_point_sprite GL_ARB_polygon_offset_clamp GL_ARB_post_depth_coverage GL_ARB_program_interface_query GL_ARB_provoki
ng_vertex GL_ARB_query_buffer_object GL_ARB_robust_buffer_access_behavior GL_ARB_robustness GL_ARB_sample_locations GL_ARB_sample_shading GL_ARB_sampler_objects GL_ARB_seamless_cube_map GL_ARB_seamless_cubemap_per_texture GL_ARB_separate_shader_objects GL_ARB_shader_atomic_counter_ops GL_ARB_shader_atomic_counters GL_ARB_shader_ballot GL_ARB_shader_bit_encoding GL_ARB_shader_clock GL_ARB_shader_draw_parameters GL_ARB_shader_group_vote GL_ARB_shader_image_load_store GL_ARB_shader_image_size GL_ARB_shader_objects GL_ARB_shader_precision GL_ARB_shader_storage_buffer_object GL_ARB_shader_subroutine GL_ARB_shader_texture_image_samples GL_ARB_shader_texture_lod GL_ARB_shading_language_100 GL_ARB_shader_viewport_layer_array GL_ARB_shading_language_420pack GL_ARB_shading_language_include GL_ARB_shading_language_packing GL_ARB_shadow GL_ARB_sparse_buffer GL_ARB_sparse_texture GL_ARB_sparse_texture2 GL_ARB_sparse_texture_clamp GL_ARB_spirv_extensions GL_ARB_stencil_texturing GL_ARB_sync GL_ARB_tessellation_shader GL_A
RB_texture_barrier GL_ARB_texture_border_clamp GL_ARB_texture_buffer_object GL_ARB_texture_buffer_object_rgb32 GL_ARB_texture_buffer_range GL_ARB_texture_compression GL_ARB_texture_compression_bptc GL_ARB_texture_compression_rgtc GL_ARB_texture_cube_map GL_ARB_texture_cube_map_array GL_ARB_texture_env_add GL_ARB_texture_env_combine GL_ARB_texture_env_crossbar GL_ARB_texture_env_dot3 GL_ARB_texture_filter_anisotropic GL_ARB_texture_filter_minmax GL_ARB_texture_float GL_ARB_texture_gather GL_ARB_texture_mirror_clamp_to_edge GL_ARB_texture_mirrored_repeat GL_ARB_texture_multisample GL_ARB_texture_non_power_of_two GL_ARB_texture_query_levels GL_ARB_texture_query_lod GL_ARB_texture_rectangle GL_ARB_texture_rg GL_ARB_texture_rgb10_a2ui GL_ARB_texture_stencil8 GL_ARB_texture_storage GL_ARB_texture_storage_multisample GL_ARB_texture_swizzle GL_ARB_texture_view GL_ARB_timer_query GL_ARB_transform_feedback2 GL_ARB_transform_feedback3 GL_ARB_transform_feedback_instanced GL_ARB_transform_feedback_overflow_query GL_ARB_t
ranspose_matrix GL_ARB_uniform_buffer_object GL_ARB_vertex_array_bgra GL_ARB_vertex_array_object GL_ARB_vertex_attrib_64bit GL_ARB_vertex_attrib_binding GL_ARB_vertex_buffer_object GL_ARB_vertex_program GL_ARB_vertex_shader GL_ARB_vertex_type_10f_11f_11f_rev GL_ARB_vertex_type_2_10_10_10_rev GL_ARB_viewport_array GL_ARB_window_pos GL_ATI_draw_buffers GL_ATI_texture_float GL_ATI_texture_mirror_once GL_S3_s3tc GL_EXT_texture_env_add GL_EXT_abgr GL_EXT_bgra GL_EXT_bindable_uniform GL_EXT_blend_color GL_EXT_blend_equation_separate GL_EXT_blend_func_separate GL_EXT_blend_minmax GL_EXT_blend_subtract GL_EXT_compiled_vertex_array GL_EXT_Cg_shader GL_EXT_depth_bounds_test GL_EXT_direct_state_access GL_EXT_draw_buffers2 GL_EXT_draw_instanced GL_EXT_draw_range_elements GL_EXT_fog_coord GL_EXT_framebuffer_blit GL_EXT_framebuffer_multisample GL_EXTX_framebuffer_mixed_formats GL_EXT_framebuffer_multisample_blit_scaled GL_EXT_framebuffer_object GL_EXT_framebuffer_sRGB GL_EXT_geometry_shader4 GL_EXT_gpu_program_parameters 
GL_EXT_gpu_shader4 GL_EXT_multi_draw_arrays GL_EXT_multiview_texture_multisample GL_EXT_multiview_timer_query GL_EXT_packed_depth_stencil GL_EXT_packed_float GL_EXT_packed_pixels GL_EXT_pixel_buffer_object GL_EXT_point_parameters GL_EXT_polygon_offset_clamp GL_EXT_post_depth_coverage GL_EXT_provoking_vertex GL_EXT_raster_multisample GL_EXT_rescale_normal GL_EXT_secondary_color GL_EXT_separate_shader_objects GL_EXT_separate_specular_color GL_EXT_shader_image_load_formatted GL_EXT_shader_image_load_store GL_EXT_shader_integer_mix GL_EXT_shadow_funcs GL_EXT_sparse_texture2 GL_EXT_stencil_two_side GL_EXT_stencil_wrap GL_EXT_texture3D GL_EXT_texture_array GL_EXT_texture_buffer_object GL_EXT_texture_compression_dxt1 GL_EXT_texture_compression_latc GL_EXT_texture_compression_rgtc GL_EXT_texture_compression_s3tc GL_EXT_texture_cube_map GL_EXT_texture_edge_clamp GL_EXT_texture_env_combine GL_EXT_texture_env_dot3 GL_EXT_texture_filter_anisotropic GL_EXT_texture_filter_minmax GL_EXT_texture_integer GL_EXT_texture_lod G
L_EXT_texture_lod_bias GL_EXT_texture_mirror_clamp GL_EXT_texture_object GL_EXT_texture_shadow_lod GL_EXT_texture_shared_exponent GL_EXT_texture_sRGB GL_EXT_texture_sRGB_R8 GL_EXT_texture_sRGB_decode GL_EXT_texture_storage GL_EXT_texture_swizzle GL_EXT_timer_query GL_EXT_transform_feedback2 GL_EXT_vertex_array GL_EXT_vertex_array_bgra GL_EXT_vertex_attrib_64bit GL_EXT_window_rectangles GL_EXT_x11_sync_object GL_EXT_import_sync_object GL_NV_robustness_video_memory_purge GL_IBM_rasterpos_clip GL_IBM_texture_mirrored_repeat GL_KHR_context_flush_control GL_KHR_debug GL_EXT_memory_object GL_EXT_memory_object_fd GL_NV_memory_object_sparse GL_KHR_parallel_shader_compile GL_KHR_no_error GL_KHR_robust_buffer_access_behavior GL_KHR_robustness GL_EXT_semaphore GL_EXT_semaphore_fd GL_NV_timeline_semaphore GL_KHR_shader_subgroup GL_KTX_buffer_region GL_NV_alpha_to_coverage_dither_control GL_NV_bindless_multi_draw_indirect GL_NV_bindless_multi_draw_indirect_count GL_NV_bindless_texture GL_NV_blend_equation_advanced GL_NV_
blend_equation_advanced_coherent GL_NVX_blend_equation_advanced_multi_draw_buffers GL_NV_blend_minmax_factor GL_NV_blend_square GL_NV_clip_space_w_scaling GL_NV_command_list GL_NV_compute_program5 GL_NV_compute_shader_derivatives GL_NV_conditional_render GL_NV_conservative_raster GL_NV_conservative_raster_dilate GL_NV_conservative_raster_pre_snap GL_NV_conservative_raster_pre_snap_triangles GL_NV_conservative_raster_underestimation GL_NV_copy_depth_to_color GL_NV_copy_image GL_NV_depth_buffer_float GL_NV_depth_clamp GL_NV_draw_texture GL_NV_draw_vulkan_image GL_NV_ES1_1_compatibility GL_NV_ES3_1_compatibility GL_NV_explicit_multisample GL_NV_feature_query GL_NV_fence GL_NV_fill_rectangle GL_NV_float_buffer GL_NV_fog_distance GL_NV_fragment_coverage_to_color GL_NV_fragment_program GL_NV_fragment_program_option GL_NV_fragment_program2 GL_NV_fragment_shader_barycentric GL_NV_fragment_shader_interlock GL_NV_framebuffer_mixed_samples GL_NV_framebuffer_multisample_coverage GL_NV_geometry_shader4 GL_NV_geometry_sha
der_passthrough GL_NV_gpu_program4 GL_NV_internalformat_sample_query GL_NV_gpu_program4_1 GL_NV_gpu_program5 GL_NV_gpu_program5_mem_extended GL_NV_gpu_program_fp64 GL_NV_gpu_shader5 GL_NV_half_float GL_NV_light_max_exponent GL_NV_memory_attachment GL_NV_mesh_shader GL_NV_multisample_coverage GL_NV_multisample_filter_hint GL_NV_occlusion_query GL_NV_packed_depth_stencil GL_NV_parameter_buffer_object GL_NV_parameter_buffer_object2 GL_NV_path_rendering GL_NV_path_rendering_shared_edge GL_NV_pixel_data_range GL_NV_point_sprite GL_NV_primitive_restart GL_NV_query_resource GL_NV_query_resource_tag GL_NV_register_combiners GL_NV_register_combiners2 GL_NV_representative_fragment_test GL_NV_sample_locations GL_NV_sample_mask_override_coverage GL_NV_scissor_exclusive GL_NV_shader_atomic_counters GL_NV_shader_atomic_float GL_NV_shader_atomic_float64 GL_NV_shader_atomic_fp16_vector GL_NV_shader_atomic_int64 GL_NV_shader_buffer_load GL_NV_shader_storage_buffer_object GL_NV_shader_subgroup_partitioned GL_NV_shader_texture
_footprint GL_NV_shading_rate_image GL_NV_stereo_view_rendering GL_NV_texgen_reflection GL_NV_texture_barrier GL_NV_texture_compression_vtc GL_NV_texture_env_combine4 GL_NV_texture_multisample GL_NV_texture_rectangle GL_NV_texture_rectangle_compressed GL_NV_texture_shader GL_NV_texture_shader2 GL_NV_texture_shader3 GL_NV_transform_feedback GL_NV_transform_feedback2 GL_NV_uniform_buffer_unified_memory GL_NV_uniform_buffer_std430_layout GL_NV_vdpau_interop GL_NV_vdpau_interop2 GL_NV_vertex_array_range GL_NV_vertex_array_range2 GL_NV_vertex_attrib_integer_64bit GL_NV_vertex_buffer_unified_memory GL_NV_vertex_program GL_NV_vertex_program1_1 GL_NV_vertex_program2 GL_NV_vertex_program2_option GL_NV_vertex_program3 GL_NV_viewport_array2 GL_NV_viewport_swizzle GL_NVX_conditional_render GL_NV_gpu_multicast GL_NVX_progress_fence GL_NVX_gpu_memory_info GL_NVX_nvenc_interop GL_NV_shader_thread_group GL_NV_shader_thread_shuffle GL_KHR_blend_equation_advanced GL_KHR_blend_equation_advanced_coherent GL_OVR_multiview GL_OVR
_multiview2 GL_SGIS_generate_mipmap GL_SGIS_texture_lod GL_SGIX_depth_texture GL_SGIX_shadow GL_SUN_slice_accum
OPENGL LOG: Creating OpenGL 4.5 graphics device ; Context level  <OpenGL 4.5> ; Context handle -1431921336
Initialize mono
Mono path[0] = '/home/alumne/Unity/Hub/Editor/6000.2.4f1/Editor/Data/Managed'
Mono path[1] = '/home/alumne/Unity/Hub/Editor/6000.2.4f1/Editor/Data/MonoBleedingEdge/lib/mono/unityjit-linux'
Mono config path = '/home/alumne/Unity/Hub/Editor/6000.2.4f1/Editor/Data/MonoBleedingEdge/etc'
Using monoOptions --debugger-agent=transport=dt_socket,embedding=1,server=y,suspend=n,address=127.0.0.1:56968
Begin MonoManager ReloadAssembly
Registering precompiled unity dll's ...
Register platform support module: /home/alumne/Unity/Hub/Editor/6000.2.4f1/Editor/Data/PlaybackEngines/WebGLSupport/UnityEditor.WebGL.Extensions.dll
Register platform support module: /home/alumne/Unity/Hub/Editor/6000.2.4f1/Editor/Data/PlaybackEngines/LinuxStandaloneSupport/UnityEditor.LinuxStandalone.Extensions.dll
Registered in 0,000774 seconds.
- Loaded All Assemblies, in  0,224 seconds
Native extension for LinuxStandalone target not found
Native extension for WebGL target not found
Mono: successfully reloaded assembly
- Finished resetting the current domain, in  0,243 seconds
Domain Reload Profiling: 467ms
	BeginReloadAssembly (51ms)
		ExecutionOrderSort (0ms)
		DisableScriptedObjects (0ms)
		BackupInstance (0ms)
		ReleaseScriptingObjects (0ms)
		CreateAndSetChildDomain (0ms)
	RebuildCommonClasses (25ms)
	RebuildNativeTypeToScriptingClass (6ms)
	initialDomainReloadingComplete (34ms)
	LoadAllAssembliesAndSetupDomain (108ms)
		LoadAssemblies (51ms)
		RebuildTransferFunctionScriptingTraits (0ms)
		AnalyzeDomain (106ms)
			TypeCache.Refresh (105ms)
				TypeCache.ScanAssembly (96ms)
			BuildScriptInfoCaches (0ms)
			ResolveRequiredComponents (0ms)
	FinalizeReload (243ms)
		ReleaseScriptCaches (0ms)
		RebuildScriptCaches (0ms)
		SetupLoadedEditorAssemblies (211ms)
			LogAssemblyErrors (0ms)
			InitializePlatformSupportModulesInManaged (38ms)
			SetLoadedEditorAssemblies (3ms)
			BeforeProcessingInitializeOnLoad (45ms)
			ProcessInitializeOnLoadAttributes (82ms)
			ProcessInitializeOnLoadMethodAttributes (42ms)
			AfterProcessingInitializeOnLoad (0ms)
			EditorAssembliesLoaded (0ms)
		ExecutionOrderSort2 (0ms)
		AwakeInstancesAfterBackupRestoration (0ms)
========================================================================
Worker process is ready to serve import requests
Import Worker Mode flag is 0x00
Begin MonoManager ReloadAssembly
[Licensing::Client] Successfully resolved entitlement details
[Licensing::Module] License group:
  Id: 6872782475460-UnityPersXXXX
  Product: Unity Personal
  Type: Assigned
  Expiration: Unlimited
- Loaded All Assemblies, in  0,448 seconds
Refreshing native plugins compatible for Editor in 0,18 ms, found 0 plugins.
Native extension for LinuxStandalone target not found
Native extension for WebGL target not found
Package Manager log level set to [2]
[Package Manager] Failed to launch server process. Reason: Unity was launched with the -noUpm command-line argument
[Package Manager] Unable to send message (not connected to server process).
[Package Manager] Cannot connect to Unity Package Manager local server
UpdateMenuTitleForLanguage: 10
[MODES] ModeService[none].Initialize
[MODES] ModeService[none].LoadModes
[MODES] Loading mode Default (0) for mode-current-id-Scape Room
Mono: successfully reloaded assembly
- Finished resetting the current domain, in  0,510 seconds
Domain Reload Profiling: 957ms
	BeginReloadAssembly (85ms)
		ExecutionOrderSort (0ms)
		DisableScriptedObjects (4ms)
		BackupInstance (0ms)
		ReleaseScriptingObjects (0ms)
		CreateAndSetChildDomain (20ms)
	RebuildCommonClasses (24ms)
	RebuildNativeTypeToScriptingClass (6ms)
	initialDomainReloadingComplete (27ms)
	LoadAllAssembliesAndSetupDomain (305ms)
		LoadAssemblies (167ms)
		RebuildTransferFunctionScriptingTraits (0ms)
		AnalyzeDomain (171ms)
			TypeCache.Refresh (129ms)
				TypeCache.ScanAssembly (119ms)
			BuildScriptInfoCaches (33ms)
			ResolveRequiredComponents (8ms)
	FinalizeReload (511ms)
		ReleaseScriptCaches (0ms)
		RebuildScriptCaches (0ms)
		SetupLoadedEditorAssemblies (385ms)
			LogAssemblyErrors (0ms)
			InitializePlatformSupportModulesInManaged (2ms)
			SetLoadedEditorAssemblies (3ms)
			BeforeProcessingInitializeOnLoad (78ms)
			ProcessInitializeOnLoadAttributes (242ms)
			ProcessInitializeOnLoadMethodAttributes (58ms)
			AfterProcessingInitializeOnLoad (2ms)
			EditorAssembliesLoaded (0ms)
		ExecutionOrderSort2 (0ms)
		AwakeInstancesAfterBackupRestoration (2ms)
AutoLocale: current locale expects 'C' but got 'ca_ES.UTF-8'Launched and connected shader compiler UnityShaderCompiler after 0.01 seconds
Refreshing native plugins compatible for Editor in 0.22 ms, found 0 plugins.
Preloading 0 native plugins for Editor in 0.00 ms.
Unloading 15 Unused Serialized files (Serialized files now loaded: 0)
Unloading 6487 unused Assets / (4.7 MB). Loaded Objects now: 7226.
Memory consumption went from 146.4 MB to 141.7 MB.
Total: 8.615614 ms (FindLiveObjects: 0.472691 ms CreateObjectMapping: 0.522239 ms MarkObjects: 4.905260 ms  DeleteObjects: 2.714857 ms)

========================================================================
Received Import Request.
  Time since last request: 4592.640251 seconds.
  path: Assets/YughuesFreeFlooringMaterials/Textures/T_YFFlM_01_n.tga
  artifactKey: Guid(6c5ea2e30779ed8479867e9a444a1868) Importer(815301076,1909f56bfc062723c751e8b465ee728b)
Start importing Assets/YughuesFreeFlooringMaterials/Textures/T_YFFlM_01_n.tga using Guid(6c5ea2e30779ed8479867e9a444a1868) Importer(815301076,1909f56bfc062723c751e8b465ee728b) (PreviewImporter) -> (artifact id: 'aa490c45ac7f7b85d016c60e29ac9eb6') in 0.058837721 seconds
Number of updated asset objects reloaded before import = 0Number of asset objects unloaded after import = 2

========================================================================
Received Import Request.
  Time since last request: 0.000013 seconds.
  path: Assets/YughuesFreeFlooringMaterials/Textures/T_YFFlM_03_d.tga
  artifactKey: Guid(4edce7549e2c05d4c94891f6c6aa1a8a) Importer(815301076,1909f56bfc062723c751e8b465ee728b)
Start importing Assets/YughuesFreeFlooringMaterials/Textures/T_YFFlM_03_d.tga using Guid(4edce7549e2c05d4c94891f6c6aa1a8a) Importer(815301076,1909f56bfc062723c751e8b465ee728b) (PreviewImporter) -> (artifact id: '1284315ed842d789f5e392376c8f6f6f') in 0.004180817 seconds
Number of updated asset objects reloaded before import = 0Number of asset objects unloaded after import = 2

========================================================================
Received Import Request.
  Time since last request: 0.000011 seconds.
  path: Assets/YughuesFreeFlooringMaterials/Textures/T_YFFlM_10_d.tga
  artifactKey: Guid(0755e47b9a5be6f46b045f19db991e42) Importer(815301076,1909f56bfc062723c751e8b465ee728b)
Start importing Assets/YughuesFreeFlooringMaterials/Textures/T_YFFlM_10_d.tga using Guid(0755e47b9a5be6f46b045f19db991e42) Importer(815301076,1909f56bfc062723c751e8b465ee728b) (PreviewImporter) -> (artifact id: '80213c2c3df281718101b4d9bd49ad16') in 0.005728914 seconds
Number of updated asset objects reloaded before import = 0Number of asset objects unloaded after import = 2

========================================================================
Received Import Request.
  Time since last request: 0.000009 seconds.
  path: Assets/YughuesFreeFlooringMaterials/Textures/T_YFFlM_04_n.tga
  artifactKey: Guid(314fc2085c4fab84da6f47c964059220) Importer(815301076,1909f56bfc062723c751e8b465ee728b)
Start importing Assets/YughuesFreeFlooringMaterials/Textures/T_YFFlM_04_n.tga using Guid(314fc2085c4fab84da6f47c964059220) Importer(815301076,1909f56bfc062723c751e8b465ee728b) (PreviewImporter) -> (artifact id: 'e2a22f4f7bf5aeb9993159cf90e64a88') in 0.006087564 seconds
Number of updated asset objects reloaded before import = 0Number of asset objects unloaded after import = 2

========================================================================
Received Import Request.
  Time since last request: 0.000014 seconds.
  path: Assets/YughuesFreeFlooringMaterials/Textures/T_YFFlM_03_n.tga
  artifactKey: Guid(3ec21057aef23a94ea848bcafd32a63a) Importer(815301076,1909f56bfc062723c751e8b465ee728b)
Start importing Assets/YughuesFreeFlooringMaterials/Textures/T_YFFlM_03_n.tga using Guid(3ec21057aef23a94ea848bcafd32a63a) Importer(815301076,1909f56bfc062723c751e8b465ee728b) (PreviewImporter) -> (artifact id: '4e7c5be2276916b09eb044a5dd723413') in 0.005090487 seconds
Number of updated asset objects reloaded before import = 0Number of asset objects unloaded after import = 2

========================================================================
Received Import Request.
  Time since last request: 0.000020 seconds.
  path: Assets/YughuesFreeFlooringMaterials/Textures/T_YFFlM_03_s.tga
  artifactKey: Guid(49aaf82dd3324344c86197aa25c12251) Importer(815301076,1909f56bfc062723c751e8b465ee728b)
Start importing Assets/YughuesFreeFlooringMaterials/Textures/T_YFFlM_03_s.tga using Guid(49aaf82dd3324344c86197aa25c12251) Importer(815301076,1909f56bfc062723c751e8b465ee728b) (PreviewImporter) -> (artifact id: '94198623a75267b3897b74a6b4be584b') in 0.004773517 seconds
Number of updated asset objects reloaded before import = 0Number of asset objects unloaded after import = 2

========================================================================
Received Prepare
Begin MonoManager ReloadAssembly
[Licensing::Client] Successfully resolved entitlement details
- Loaded All Assemblies, in  0.444 seconds
Refreshing native plugins compatible for Editor in 0.19 ms, found 0 plugins.
Native extension for LinuxStandalone target not found
Native extension for WebGL target not found
[Package Manager] Failed to launch server process. Reason: Unity was launched with the -noUpm command-line argument
[Package Manager] Unable to send message (not connected to server process).
[Package Manager] Cannot connect to Unity Package Manager local server
[MODES] ModeService[none].Initialize
[MODES] ModeService[none].LoadModes
Mono: successfully reloaded assembly
- Finished resetting the current domain, in  0.478 seconds
Domain Reload Profiling: 925ms
	BeginReloadAssembly (125ms)
		ExecutionOrderSort (0ms)
		DisableScriptedObjects (4ms)
		BackupInstance (0ms)
		ReleaseScriptingObjects (0ms)
		CreateAndSetChildDomain (41ms)
	RebuildCommonClasses (26ms)
	RebuildNativeTypeToScriptingClass (7ms)
	initialDomainReloadingComplete (18ms)
	LoadAllAssembliesAndSetupDomain (270ms)
		LoadAssemblies (184ms)
		RebuildTransferFunctionScriptingTraits (0ms)
		AnalyzeDomain (121ms)
			TypeCache.Refresh (6ms)
				TypeCache.ScanAssembly (0ms)
			BuildScriptInfoCaches (106ms)
			ResolveRequiredComponents (7ms)
	FinalizeReload (478ms)
		ReleaseScriptCaches (0ms)
		RebuildScriptCaches (0ms)
		SetupLoadedEditorAssemblies (366ms)
			LogAssemblyErrors (0ms)
			InitializePlatformSupportModulesInManaged (2ms)
			SetLoadedEditorAssemblies (2ms)
			BeforeProcessingInitializeOnLoad (75ms)
			ProcessInitializeOnLoadAttributes (223ms)
			ProcessInitializeOnLoadMethodAttributes (62ms)
			AfterProcessingInitializeOnLoad (2ms)
			EditorAssembliesLoaded (0ms)
		ExecutionOrderSort2 (0ms)
		AwakeInstancesAfterBackupRestoration (9ms)
Refreshing native plugins compatible for Editor in 0.21 ms, found 0 plugins.
Preloading 0 native plugins for Editor in 0.00 ms.
Unloading 15 Unused Serialized files (Serialized files now loaded: 0)
Unloading 6484 unused Assets / (4.6 MB). Loaded Objects now: 7250.
Memory consumption went from 153.7 MB to 149.1 MB.
Total: 6.856681 ms (FindLiveObjects: 0.467169 ms CreateObjectMapping: 0.477856 ms MarkObjects: 4.374473 ms  DeleteObjects: 1.536630 ms)

Prepare: number of updated asset objects reloaded= 0
========================================================================
Received Import Request.
  Time since last request: 391.364136 seconds.
  path: Assets/Phoenix3D/Textures/Outdoor_Wall_T01/Materials/Outdoor_Wall_T01_Ambient_occlusion.mat
  artifactKey: Guid(537c1af98dd3a8ad3b09bfce459584a0) Importer(815301076,1909f56bfc062723c751e8b465ee728b)
Start importing Assets/Phoenix3D/Textures/Outdoor_Wall_T01/Materials/Outdoor_Wall_T01_Ambient_occlusion.mat using Guid(537c1af98dd3a8ad3b09bfce459584a0) Importer(815301076,1909f56bfc062723c751e8b465ee728b) (PreviewImporter) -> (artifact id: '79f3686818428ace923926ca9bde368c') in 0.336444649 seconds
Number of updated asset objects reloaded before import = 0Number of asset objects unloaded after import = 2

========================================================================
Received Import Request.
  Time since last request: 0.000039 seconds.
  path: Assets/Phoenix3D/Textures/Outdoor_Wall_T04/Materials/Outdoor_Wall_T04_Height.mat
  artifactKey: Guid(777ef5ed5f5e3eedab5c9afde17154c5) Importer(815301076,1909f56bfc062723c751e8b465ee728b)
Start importing Assets/Phoenix3D/Textures/Outdoor_Wall_T04/Materials/Outdoor_Wall_T04_Height.mat using Guid(777ef5ed5f5e3eedab5c9afde17154c5) Importer(815301076,1909f56bfc062723c751e8b465ee728b) (PreviewImporter) -> (artifact id: '316095f8e8af3815c19573a3d0eb595c') in 0.005352729 seconds
Number of updated asset objects reloaded before import = 0Number of asset objects unloaded after import = 2

========================================================================
Received Import Request.
  Time since last request: 0.000024 seconds.
  path: Assets/Phoenix3D/Textures/Outdoor_Wall_T02/Materials/Outdoor_Wall_T02_Height.mat
  artifactKey: Guid(73c231e3dfd7989bda1aaa82f8105701) Importer(815301076,1909f56bfc062723c751e8b465ee728b)
Start importing Assets/Phoenix3D/Textures/Outdoor_Wall_T02/Materials/Outdoor_Wall_T02_Height.mat using Guid(73c231e3dfd7989bda1aaa82f8105701) Importer(815301076,1909f56bfc062723c751e8b465ee728b) (PreviewImporter) -> (artifact id: '4f7b3902291b3dda9d3caabbccaae243') in 0.005162119 seconds
Number of updated asset objects reloaded before import = 0Number of asset objects unloaded after import = 2

========================================================================
Received Import Request.
  Time since last request: 12.757677 seconds.
  path: Assets/Phoenix3D/Textures/Outdoor_Wall_T03
  artifactKey: Guid(4ecd451538f44d44eb85ff73e214f253) Importer(815301076,1909f56bfc062723c751e8b465ee728b)
Start importing Assets/Phoenix3D/Textures/Outdoor_Wall_T03 using Guid(4ecd451538f44d44eb85ff73e214f253) Importer(815301076,1909f56bfc062723c751e8b465ee728b) (PreviewImporter) -> (artifact id: 'f3a7df2ce27313903557c7adaf129ecc') in 0.000323288 seconds
Number of updated asset objects reloaded before import = 0Number of asset objects unloaded after import = 0

========================================================================
Received Import Request.
  Time since last request: 5.952008 seconds.
  path: Assets/Phoenix3D/Textures/Outdoor_Wall_T06
  artifactKey: Guid(27de475951f3a1949b479d7150069825) Importer(815301076,1909f56bfc062723c751e8b465ee728b)
Start importing Assets/Phoenix3D/Textures/Outdoor_Wall_T06 using Guid(27de475951f3a1949b479d7150069825) Importer(815301076,1909f56bfc062723c751e8b465ee728b) (PreviewImporter) -> (artifact id: '9f01f61974d4ac7e3421ea5cc244bc6f') in 0.000292045 seconds
Number of updated asset objects reloaded before import = 0Number of asset objects unloaded after import = 0

========================================================================
Received Import Request.
  Time since last request: 0.059722 seconds.
  path: Assets/Phoenix3D/Textures/Outdoor_Wall_T06/Outdoor_Wall_T06_Ambient_occlusion.png
  artifactKey: Guid(26795b2541ef42b4d98f8c2cf2cfdf91) Importer(815301076,1909f56bfc062723c751e8b465ee728b)
Start importing Assets/Phoenix3D/Textures/Outdoor_Wall_T06/Outdoor_Wall_T06_Ambient_occlusion.png using Guid(26795b2541ef42b4d98f8c2cf2cfdf91) Importer(815301076,1909f56bfc062723c751e8b465ee728b) (PreviewImporter) -> (artifact id: '99912582dacd360c4fe4b8fe348d5ef2') in 0.008707401 seconds
Number of updated asset objects reloaded before import = 0Number of asset objects unloaded after import = 2

========================================================================
Received Import Request.
  Time since last request: 0.000014 seconds.
  path: Assets/Phoenix3D/Textures/Outdoor_Wall_T06/Outdoor_Wall_T06_MaskMap.png
  artifactKey: Guid(b7e433c013027ae4ea1a6371cc9e285b) Importer(815301076,1909f56bfc062723c751e8b465ee728b)
Start importing Assets/Phoenix3D/Textures/Outdoor_Wall_T06/Outdoor_Wall_T06_MaskMap.png using Guid(b7e433c013027ae4ea1a6371cc9e285b) Importer(815301076,1909f56bfc062723c751e8b465ee728b) (PreviewImporter) -> (artifact id: 'a5efe81c6b90e27246b1b8a3bbf79806') in 0.004740959 seconds
Number of updated asset objects reloaded before import = 0Number of asset objects unloaded after import = 2

========================================================================
Received Import Request.
  Time since last request: 0.000014 seconds.
  path: Assets/Phoenix3D/Textures/Outdoor_Wall_T06/Outdoor_Wall_T06_Normal_DirectX.png
  artifactKey: Guid(6f61d17e1a557be459e7e5c443ee4a29) Importer(815301076,1909f56bfc062723c751e8b465ee728b)
Start importing Assets/Phoenix3D/Textures/Outdoor_Wall_T06/Outdoor_Wall_T06_Normal_DirectX.png using Guid(6f61d17e1a557be459e7e5c443ee4a29) Importer(815301076,1909f56bfc062723c751e8b465ee728b) (PreviewImporter) -> (artifact id: '35b572295ba598e6a7972d7e329e0a3c') in 0.00479588 seconds
Number of updated asset objects reloaded before import = 0Number of asset objects unloaded after import = 2

========================================================================
Received Import Request.
  Time since last request: 507.197857 seconds.
  path: Assets/Decimate
  artifactKey: Guid(eedf89b99b20eaa1d829157a13c15661) Importer(815301076,1909f56bfc062723c751e8b465ee728b)
Start importing Assets/Decimate using Guid(eedf89b99b20eaa1d829157a13c15661) Importer(815301076,1909f56bfc062723c751e8b465ee728b) (PreviewImporter) -> (artifact id: 'e717f9ea6cac429a0d53b628428f7627') in 0.000408209 seconds
Number of updated asset objects reloaded before import = 0Number of asset objects unloaded after import = 0

========================================================================
Received Import Request.
  Time since last request: 1.135264 seconds.
  path: Assets/Decimate/Grid Master
  artifactKey: Guid(ecb7be76385b54bacad6413e257a4210) Importer(815301076,1909f56bfc062723c751e8b465ee728b)
Start importing Assets/Decimate/Grid Master using Guid(ecb7be76385b54bacad6413e257a4210) Importer(815301076,1909f56bfc062723c751e8b465ee728b) (PreviewImporter) -> (artifact id: '6881d280e0b9dabe65f83db6fdfbc5b5') in 0.000403744 seconds
Number of updated asset objects reloaded before import = 0Number of asset objects unloaded after import = 0

========================================================================
Received Import Request.
  Time since last request: 0.588083 seconds.
  path: Assets/Decimate/Grid Master/URP
  artifactKey: Guid(e77719f78a8d94d269c48529424f3baa) Importer(815301076,1909f56bfc062723c751e8b465ee728b)
Start importing Assets/Decimate/Grid Master/URP using Guid(e77719f78a8d94d269c48529424f3baa) Importer(815301076,1909f56bfc062723c751e8b465ee728b) (PreviewImporter) -> (artifact id: 'fc52ccfe8b3b071fb0a5306aec455ad5') in 0.000413582 seconds
Number of updated asset objects reloaded before import = 0Number of asset objects unloaded after import = 0

========================================================================
Received Import Request.
  Time since last request: 0.625489 seconds.
  path: Assets/Decimate/Grid Master/URP/Prefabs
  artifactKey: Guid(c0f6d950b7eb64ff6b06237af67e50e5) Importer(815301076,1909f56bfc062723c751e8b465ee728b)
Start importing Assets/Decimate/Grid Master/URP/Prefabs using Guid(c0f6d950b7eb64ff6b06237af67e50e5) Importer(815301076,1909f56bfc062723c751e8b465ee728b) (PreviewImporter) -> (artifact id: '44d781bbe80658a92e60a589eca4b9e4') in 0.000470886 seconds
Number of updated asset objects reloaded before import = 0Number of asset objects unloaded after import = 0

========================================================================
Received Import Request.
  Time since last request: 0.050899 seconds.
  path: Assets/Decimate/Grid Master/URP/Prefabs/GM-Arch-URP.prefab
  artifactKey: Guid(d4cf506ab97d74d43814f33e4a27c3fe) Importer(815301076,1909f56bfc062723c751e8b465ee728b)
Start importing Assets/Decimate/Grid Master/URP/Prefabs/GM-Arch-URP.prefab using Guid(d4cf506ab97d74d43814f33e4a27c3fe) Importer(815301076,1909f56bfc062723c751e8b465ee728b) (PreviewImporter) -> (artifact id: 'f76ff249bede3110321e71fdbd2bebe8') in 0.000791396 seconds
Number of updated asset objects reloaded before import = 0Number of asset objects unloaded after import = 1

========================================================================
Received Import Request.
  Time since last request: 0.032690 seconds.
  path: Assets/Decimate/Grid Master/URP/Prefabs/GM-Base-URP.prefab
  artifactKey: Guid(af4397b7afee343e8990a31d620cc57a) Importer(815301076,1909f56bfc062723c751e8b465ee728b)
Start importing Assets/Decimate/Grid Master/URP/Prefabs/GM-Base-URP.prefab using Guid(af4397b7afee343e8990a31d620cc57a) Importer(815301076,1909f56bfc062723c751e8b465ee728b) (PreviewImporter) -> (artifact id: '01653cc1f38d0ec9032e51912a8f6f34') in 0.000831948 seconds
Number of updated asset objects reloaded before import = 0Number of asset objects unloaded after import = 1

========================================================================
Received Import Request.
  Time since last request: 0.033685 seconds.
  path: Assets/Decimate/Grid Master/URP/Prefabs/GM-Beam - URP.prefab
  artifactKey: Guid(8542e129661ee4a158e2ecdc7a105573) Importer(815301076,1909f56bfc062723c751e8b465ee728b)
Start importing Assets/Decimate/Grid Master/URP/Prefabs/GM-Beam - URP.prefab using Guid(8542e129661ee4a158e2ecdc7a105573) Importer(815301076,1909f56bfc062723c751e8b465ee728b) (PreviewImporter) -> (artifact id: 'f73a2803cc1d52e0e1488ebc731a87a2') in 0.000815469 seconds
Number of updated asset objects reloaded before import = 0Number of asset objects unloaded after import = 1

========================================================================
Received Import Request.
  Time since last request: 0.033182 seconds.
  path: Assets/Decimate/Grid Master/URP/Prefabs/GM-Hex-URP.prefab
  artifactKey: Guid(0a8f66bcd8b614e539c35c96deae3bce) Importer(815301076,1909f56bfc062723c751e8b465ee728b)
Start importing Assets/Decimate/Grid Master/URP/Prefabs/GM-Hex-URP.prefab using Guid(0a8f66bcd8b614e539c35c96deae3bce) Importer(815301076,1909f56bfc062723c751e8b465ee728b) (PreviewImporter) -> (artifact id: '882c791fddefa75aacbf1bd96caf7cbf') in 0.000810758 seconds
Number of updated asset objects reloaded before import = 0Number of asset objects unloaded after import = 1

========================================================================
Received Import Request.
  Time since last request: 0.000017 seconds.
  path: Assets/Decimate/Grid Master/URP/Prefabs/GM-Wedge-URP.prefab
  artifactKey: Guid(80bb9bb185c4946d290d6f17d7f1814c) Importer(815301076,1909f56bfc062723c751e8b465ee728b)
Start importing Assets/Decimate/Grid Master/URP/Prefabs/GM-Wedge-URP.prefab using Guid(80bb9bb185c4946d290d6f17d7f1814c) Importer(815301076,1909f56bfc062723c751e8b465ee728b) (PreviewImporter) -> (artifact id: '4b0cbf3767f6cf020b611f734c27b841') in 0.000792001 seconds
Number of updated asset objects reloaded before import = 0Number of asset objects unloaded after import = 1

========================================================================
Received Import Request.
  Time since last request: 0.000017 seconds.
  path: Assets/Decimate/Grid Master/URP/Prefabs/GM-Wing-URP.prefab
  artifactKey: Guid(4bd6eaca8c9174d06801be4163fc96cc) Importer(815301076,1909f56bfc062723c751e8b465ee728b)
Start importing Assets/Decimate/Grid Master/URP/Prefabs/GM-Wing-URP.prefab using Guid(4bd6eaca8c9174d06801be4163fc96cc) Importer(815301076,1909f56bfc062723c751e8b465ee728b) (PreviewImporter) -> (artifact id: '49ddc763b519495a52f229affb5eaa20') in 0.000747523 seconds
Number of updated asset objects reloaded before import = 0Number of asset objects unloaded after import = 1

========================================================================
Received Import Request.
  Time since last request: 0.000013 seconds.
  path: Assets/Decimate/Grid Master/URP/Prefabs/GM-Obelisk-URP.prefab
  artifactKey: Guid(b56826c8ce7224917914a5f4b0920c9c) Importer(815301076,1909f56bfc062723c751e8b465ee728b)
Start importing Assets/Decimate/Grid Master/URP/Prefabs/GM-Obelisk-URP.prefab using Guid(b56826c8ce7224917914a5f4b0920c9c) Importer(815301076,1909f56bfc062723c751e8b465ee728b) (PreviewImporter) -> (artifact id: '1bcb421692be7e0a97f0a043504fb564') in 0.000720252 seconds
Number of updated asset objects reloaded before import = 0Number of asset objects unloaded after import = 1

========================================================================
Received Import Request.
  Time since last request: 0.000012 seconds.
  path: Assets/Decimate/Grid Master/URP/Prefabs/GM-Support-URP.prefab
  artifactKey: Guid(383331eea215141deaa7413452379478) Importer(815301076,1909f56bfc062723c751e8b465ee728b)
Start importing Assets/Decimate/Grid Master/URP/Prefabs/GM-Support-URP.prefab using Guid(383331eea215141deaa7413452379478) Importer(815301076,1909f56bfc062723c751e8b465ee728b) (PreviewImporter) -> (artifact id: '04492c8a1e4a9e058a54ca3a473f3d95') in 0.000721394 seconds
Number of updated asset objects reloaded before import = 0Number of asset objects unloaded after import = 1

========================================================================
Received Import Request.
  Time since last request: 0.000012 seconds.
  path: Assets/Decimate/Grid Master/URP/Prefabs/GM-Ramp-URP.prefab
  artifactKey: Guid(210699a1a51ee44488f7250860efd951) Importer(815301076,1909f56bfc062723c751e8b465ee728b)
Start importing Assets/Decimate/Grid Master/URP/Prefabs/GM-Ramp-URP.prefab using Guid(210699a1a51ee44488f7250860efd951) Importer(815301076,1909f56bfc062723c751e8b465ee728b) (PreviewImporter) -> (artifact id: 'a81acfe4d572e7b4f449d77b0b680afe') in 0.000699084 seconds
Number of updated asset objects reloaded before import = 0Number of asset objects unloaded after import = 1

========================================================================
Received Import Request.
  Time since last request: 0.000014 seconds.
  path: Assets/Decimate/Grid Master/URP/Prefabs/GM-Pyramid-URP.prefab
  artifactKey: Guid(b312ac6d4c923402c87ce9b6684455ee) Importer(815301076,1909f56bfc062723c751e8b465ee728b)
Start importing Assets/Decimate/Grid Master/URP/Prefabs/GM-Pyramid-URP.prefab using Guid(b312ac6d4c923402c87ce9b6684455ee) Importer(815301076,1909f56bfc062723c751e8b465ee728b) (PreviewImporter) -> (artifact id: 'e671a8b43c16778e5b9ab63ee3a86cca') in 0.000735228 seconds
Number of updated asset objects reloaded before import = 0Number of asset objects unloaded after import = 1

========================================================================
Received Import Request.
  Time since last request: 0.000014 seconds.
  path: Assets/Decimate/Grid Master/URP/Prefabs/GM-Cube-URP.prefab
  artifactKey: Guid(0e3b1388d8a76489c88ca1e20f243842) Importer(815301076,1909f56bfc062723c751e8b465ee728b)
Start importing Assets/Decimate/Grid Master/URP/Prefabs/GM-Cube-URP.prefab using Guid(0e3b1388d8a76489c88ca1e20f243842) Importer(815301076,1909f56bfc062723c751e8b465ee728b) (PreviewImporter) -> (artifact id: '464055fdb3e63828612770242691c97e') in 0.000808711 seconds
Number of updated asset objects reloaded before import = 0Number of asset objects unloaded after import = 1

========================================================================
Received Import Request.
  Time since last request: 0.000014 seconds.
  path: Assets/Decimate/Grid Master/URP/Prefabs/GM-Curve-URP.prefab
  artifactKey: Guid(003bd35b4a40444f389cabf5cea33c97) Importer(815301076,1909f56bfc062723c751e8b465ee728b)
Start importing Assets/Decimate/Grid Master/URP/Prefabs/GM-Curve-URP.prefab using Guid(003bd35b4a40444f389cabf5cea33c97) Importer(815301076,1909f56bfc062723c751e8b465ee728b) (PreviewImporter) -> (artifact id: '800c4292a1cc1b304bc75b5c89bde04b') in 0.000730477 seconds
Number of updated asset objects reloaded before import = 0Number of asset objects unloaded after import = 1

========================================================================
Received Import Request.
  Time since last request: 54.546541 seconds.
  path: Assets/Decimate/Grid Master/URP/Prefabs/GM-Barrier - URP.prefab
  artifactKey: Guid(236b502dfca9f41ebbc115e6158230e9) Importer(815301076,1909f56bfc062723c751e8b465ee728b)
Start importing Assets/Decimate/Grid Master/URP/Prefabs/GM-Barrier - URP.prefab using Guid(236b502dfca9f41ebbc115e6158230e9) Importer(815301076,1909f56bfc062723c751e8b465ee728b) (PreviewImporter) -> (artifact id: 'c8557a2d989d9cdeff04140a6d4b7c4d') in 0.020997868 seconds
Number of updated asset objects reloaded before import = 0Number of asset objects unloaded after import = 18

========================================================================
Received Import Request.
  Time since last request: 0.000018 seconds.
  path: Assets/Decimate/Grid Master/URP/Prefabs/GM-Wedge-URP.prefab
  artifactKey: Guid(80bb9bb185c4946d290d6f17d7f1814c) Importer(815301076,1909f56bfc062723c751e8b465ee728b)
Start importing Assets/Decimate/Grid Master/URP/Prefabs/GM-Wedge-URP.prefab using Guid(80bb9bb185c4946d290d6f17d7f1814c) Importer(815301076,1909f56bfc062723c751e8b465ee728b) (PreviewImporter) -> (artifact id: '9dbf7de574f01c53e9a577e663dfbbe0') in 0.017988402 seconds
Number of updated asset objects reloaded before import = 0Number of asset objects unloaded after import = 18

========================================================================
Received Import Request.
  Time since last request: 0.000020 seconds.
  path: Assets/Decimate/Grid Master/URP/Prefabs/GM-Plinth - URP.prefab
  artifactKey: Guid(5c1a84800a06440089816d7b512a1fac) Importer(815301076,1909f56bfc062723c751e8b465ee728b)
Start importing Assets/Decimate/Grid Master/URP/Prefabs/GM-Plinth - URP.prefab using Guid(5c1a84800a06440089816d7b512a1fac) Importer(815301076,1909f56bfc062723c751e8b465ee728b) (PreviewImporter) -> (artifact id: 'a90e4a752e9f1ffcf5923e8e7e2c2156') in 0.008314006 seconds
Number of updated asset objects reloaded before import = 0Number of asset objects unloaded after import = 18

========================================================================
Received Import Request.
  Time since last request: 0.000021 seconds.
  path: Assets/Decimate/Grid Master/URP/Prefabs/GM-Grid-URP.prefab
  artifactKey: Guid(ae3edb1ffd32a4b18b583a15715b94f0) Importer(815301076,1909f56bfc062723c751e8b465ee728b)
Start importing Assets/Decimate/Grid Master/URP/Prefabs/GM-Grid-URP.prefab using Guid(ae3edb1ffd32a4b18b583a15715b94f0) Importer(815301076,1909f56bfc062723c751e8b465ee728b) (PreviewImporter) -> (artifact id: 'a3820cf996584c2339139f4bcd5f53ed') in 0.008145144 seconds
Number of updated asset objects reloaded before import = 0Number of asset objects unloaded after import = 18

========================================================================
Received Import Request.
  Time since last request: 0.000025 seconds.
  path: Assets/Decimate/Grid Master/URP/Prefabs/GM-Ring-URP.prefab
  artifactKey: Guid(7580b096a10e94f6ca3051aef94e835e) Importer(815301076,1909f56bfc062723c751e8b465ee728b)
Start importing Assets/Decimate/Grid Master/URP/Prefabs/GM-Ring-URP.prefab using Guid(7580b096a10e94f6ca3051aef94e835e) Importer(815301076,1909f56bfc062723c751e8b465ee728b) (PreviewImporter) -> (artifact id: 'c4f7326a406220e52b73c8180f554799') in 0.013828622 seconds
Number of updated asset objects reloaded before import = 0Number of asset objects unloaded after import = 18

========================================================================
Received Import Request.
  Time since last request: 0.000017 seconds.
  path: Assets/Decimate/Grid Master/URP/Prefabs/GM-Wing-URP.prefab
  artifactKey: Guid(4bd6eaca8c9174d06801be4163fc96cc) Importer(815301076,1909f56bfc062723c751e8b465ee728b)
Start importing Assets/Decimate/Grid Master/URP/Prefabs/GM-Wing-URP.prefab using Guid(4bd6eaca8c9174d06801be4163fc96cc) Importer(815301076,1909f56bfc062723c751e8b465ee728b) (PreviewImporter) -> (artifact id: 'fe298e4db7fb8ee35650024a5fec51b7') in 0.010182159 seconds
Number of updated asset objects reloaded before import = 0Number of asset objects unloaded after import = 18

========================================================================
Received Import Request.
  Time since last request: 0.000017 seconds.
  path: Assets/Decimate/Grid Master/URP/Prefabs/GM-Edge-URP.prefab
  artifactKey: Guid(66b7f272c5ec349bf92a241d13d7d567) Importer(815301076,1909f56bfc062723c751e8b465ee728b)
Start importing Assets/Decimate/Grid Master/URP/Prefabs/GM-Edge-URP.prefab using Guid(66b7f272c5ec349bf92a241d13d7d567) Importer(815301076,1909f56bfc062723c751e8b465ee728b) (PreviewImporter) -> (artifact id: '2c9dba050ad35d518593026d91baf8fb') in 0.008053351 seconds
Number of updated asset objects reloaded before import = 0Number of asset objects unloaded after import = 18

========================================================================
Received Import Request.
  Time since last request: 0.000018 seconds.
  path: Assets/Decimate/Grid Master/URP/Prefabs/GM-Steps - URP.prefab
  artifactKey: Guid(7ffff922abf0a4e4db1f09430bf5048a) Importer(815301076,1909f56bfc062723c751e8b465ee728b)
Start importing Assets/Decimate/Grid Master/URP/Prefabs/GM-Steps - URP.prefab using Guid(7ffff922abf0a4e4db1f09430bf5048a) Importer(815301076,1909f56bfc062723c751e8b465ee728b) (PreviewImporter) -> (artifact id: '4ab4349605220c52e493e62643ce626c') in 0.008211833 seconds
Number of updated asset objects reloaded before import = 0Number of asset objects unloaded after import = 18

========================================================================
Received Import Request.
  Time since last request: 0.000019 seconds.
  path: Assets/Decimate/Grid Master/URP/Prefabs/GM-Obelisk-URP.prefab
  artifactKey: Guid(b56826c8ce7224917914a5f4b0920c9c) Importer(815301076,1909f56bfc062723c751e8b465ee728b)
Start importing Assets/Decimate/Grid Master/URP/Prefabs/GM-Obelisk-URP.prefab using Guid(b56826c8ce7224917914a5f4b0920c9c) Importer(815301076,1909f56bfc062723c751e8b465ee728b) (PreviewImporter) -> (artifact id: '25e2ad0436521999b25a7b01f8b1b184') in 0.008981268 seconds
Number of updated asset objects reloaded before import = 0Number of asset objects unloaded after import = 18

========================================================================
Received Import Request.
  Time since last request: 0.000016 seconds.
  path: Assets/Decimate/Grid Master/URP/Prefabs/GM-Hex-URP.prefab
  artifactKey: Guid(0a8f66bcd8b614e539c35c96deae3bce) Importer(815301076,1909f56bfc062723c751e8b465ee728b)
Start importing Assets/Decimate/Grid Master/URP/Prefabs/GM-Hex-URP.prefab using Guid(0a8f66bcd8b614e539c35c96deae3bce) Importer(815301076,1909f56bfc062723c751e8b465ee728b) (PreviewImporter) -> (artifact id: '4dccd0c2b515c344045727203cde8bc8') in 0.008907897 seconds
Number of updated asset objects reloaded before import = 0Number of asset objects unloaded after import = 18

========================================================================
Received Import Request.
  Time since last request: 0.000016 seconds.
  path: Assets/Decimate/Grid Master/URP/Prefabs/GM-Stairs-URP.prefab
  artifactKey: Guid(3178174d33f17479ab045df3a167e064) Importer(815301076,1909f56bfc062723c751e8b465ee728b)
Start importing Assets/Decimate/Grid Master/URP/Prefabs/GM-Stairs-URP.prefab using Guid(3178174d33f17479ab045df3a167e064) Importer(815301076,1909f56bfc062723c751e8b465ee728b) (PreviewImporter) -> (artifact id: 'dae3013800ad969887e8d594df7f6476') in 0.005453687 seconds
Number of updated asset objects reloaded before import = 0Number of asset objects unloaded after import = 18

========================================================================
Received Import Request.
  Time since last request: 0.000019 seconds.
  path: Assets/Decimate/Grid Master/URP/Prefabs/GM-Support-URP.prefab
  artifactKey: Guid(383331eea215141deaa7413452379478) Importer(815301076,1909f56bfc062723c751e8b465ee728b)
Start importing Assets/Decimate/Grid Master/URP/Prefabs/GM-Support-URP.prefab using Guid(383331eea215141deaa7413452379478) Importer(815301076,1909f56bfc062723c751e8b465ee728b) (PreviewImporter) -> (artifact id: '26997b36da49f75843617fc558d5be7f') in 0.006702523 seconds
Number of updated asset objects reloaded before import = 0Number of asset objects unloaded after import = 18

========================================================================
Received Import Request.
  Time since last request: 0.000017 seconds.
  path: Assets/Decimate/Grid Master/URP/Prefabs/GM-Corner-URP.prefab
  artifactKey: Guid(17a644e65c3424075b64ae978ef8b2ad) Importer(815301076,1909f56bfc062723c751e8b465ee728b)
Start importing Assets/Decimate/Grid Master/URP/Prefabs/GM-Corner-URP.prefab using Guid(17a644e65c3424075b64ae978ef8b2ad) Importer(815301076,1909f56bfc062723c751e8b465ee728b) (PreviewImporter) -> (artifact id: '0c5af9d1b6ad01a193f5c7e95cda2d54') in 0.004671409 seconds
Number of updated asset objects reloaded before import = 0Number of asset objects unloaded after import = 18

========================================================================
Received Import Request.
  Time since last request: 0.000016 seconds.
  path: Assets/Decimate/Grid Master/URP/Prefabs/GM-Ramp-URP.prefab
  artifactKey: Guid(210699a1a51ee44488f7250860efd951) Importer(815301076,1909f56bfc062723c751e8b465ee728b)
Start importing Assets/Decimate/Grid Master/URP/Prefabs/GM-Ramp-URP.prefab using Guid(210699a1a51ee44488f7250860efd951) Importer(815301076,1909f56bfc062723c751e8b465ee728b) (PreviewImporter) -> (artifact id: '0a1b0dc5979754fc7b8c0955ffa1d0a6') in 0.004533884 seconds
Number of updated asset objects reloaded before import = 0Number of asset objects unloaded after import = 18

========================================================================
Received Import Request.
  Time since last request: 0.000022 seconds.
  path: Assets/Decimate/Grid Master/URP/Prefabs/GM-Slope-URP.prefab
  artifactKey: Guid(1a4419328343c4aa3a142c2757799efd) Importer(815301076,1909f56bfc062723c751e8b465ee728b)
Start importing Assets/Decimate/Grid Master/URP/Prefabs/GM-Slope-URP.prefab using Guid(1a4419328343c4aa3a142c2757799efd) Importer(815301076,1909f56bfc062723c751e8b465ee728b) (PreviewImporter) -> (artifact id: '500fc9c538dbf20b8c144cc2eb073aec') in 0.005247988 seconds
Number of updated asset objects reloaded before import = 0Number of asset objects unloaded after import = 18

========================================================================
Received Import Request.
  Time since last request: 0.000026 seconds.
  path: Assets/Decimate/Grid Master/URP/Prefabs/GM-Gear - URP.prefab
  artifactKey: Guid(74a62bd33f3594b0a8015c4c9896a9bb) Importer(815301076,1909f56bfc062723c751e8b465ee728b)
Start importing Assets/Decimate/Grid Master/URP/Prefabs/GM-Gear - URP.prefab using Guid(74a62bd33f3594b0a8015c4c9896a9bb) Importer(815301076,1909f56bfc062723c751e8b465ee728b) (PreviewImporter) -> (artifact id: 'dd45c351acd4a5165fb5cefed1007610') in 0.004879241 seconds
Number of updated asset objects reloaded before import = 0Number of asset objects unloaded after import = 18

========================================================================
Received Import Request.
  Time since last request: 0.000018 seconds.
  path: Assets/Decimate/Grid Master/URP/Prefabs/GM-Cube-URP.prefab
  artifactKey: Guid(0e3b1388d8a76489c88ca1e20f243842) Importer(815301076,1909f56bfc062723c751e8b465ee728b)
Start importing Assets/Decimate/Grid Master/URP/Prefabs/GM-Cube-URP.prefab using Guid(0e3b1388d8a76489c88ca1e20f243842) Importer(815301076,1909f56bfc062723c751e8b465ee728b) (PreviewImporter) -> (artifact id: '8b776da7b6358b76cc2b7e1a914483d5') in 0.006244787 seconds
Number of updated asset objects reloaded before import = 0Number of asset objects unloaded after import = 18

========================================================================
Received Import Request.
  Time since last request: 0.000018 seconds.
  path: Assets/Decimate/Grid Master/URP/Prefabs/GM-Curve-URP.prefab
  artifactKey: Guid(003bd35b4a40444f389cabf5cea33c97) Importer(815301076,1909f56bfc062723c751e8b465ee728b)
Start importing Assets/Decimate/Grid Master/URP/Prefabs/GM-Curve-URP.prefab using Guid(003bd35b4a40444f389cabf5cea33c97) Importer(815301076,1909f56bfc062723c751e8b465ee728b) (PreviewImporter) -> (artifact id: '1df13f3a998fc4e4a077c073e777111a') in 0.006083829 seconds
Number of updated asset objects reloaded before import = 0Number of asset objects unloaded after import = 18

Editor requested this worker to shutdown with reason: Scaling down because of idle timeout
AssetImportWorker is now disconnected from the server
Process exiting

SDL leaked 2 allocations
Internal: Possible leak. All render target surfaces should be removed from IdMap when destructed using RenderTargetMap::Remove(RenderSurfaceBase* rs).
